<?xml version="1.0" encoding="UTF-8"?>
<testsuite xmlns:xsi="http://www.w3.org/2001/XMLSchema-instance" xsi:noNamespaceSchemaLocation="https://maven.apache.org/surefire/maven-surefire-plugin/xsd/surefire-test-report.xsd" version="3.0.2" name="com.duoc.backend.BackendApplicationTests" time="9.835" tests="1" errors="1" skipped="0" failures="0">
  <properties>
[...]
</properties>
  <testcase name="contextLoads" classname="com.duoc.backend.BackendApplicationTests" time="0.021">
    <error message="Failed to load ApplicationContext for [WebMergedContextConfiguration@628b1538 testClass = com.duoc.backend.BackendApplicationTests, locations = [], classes = [com.duoc.backend.BackendApplication], contextInitializerClasses = [], activeProfiles = [], propertySourceDescriptors = [], propertySourceProperties = [&quot;org.springframework.boot.test.context.SpringBootTestContextBootstrapper=true&quot;], contextCustomizers = [org.springframework.boot.test.context.PropertyMappingContextCustomizer@0, org.springframework.boot.test.context.filter.ExcludeFilterContextCustomizer@754777cd, org.springframework.boot.test.json.DuplicateJsonObjectContextCustomizerFactory$DuplicateJsonObjectContextCustomizer@4c36250e, org.springframework.boot.test.autoconfigure.OnFailureConditionReportContextCustomizerFactory$OnFailureConditionReportContextCustomizer@299266e2, org.springframework.test.context.support.DynamicPropertiesContextCustomizer@0, org.springframework.boot.webmvc.test.autoconfigure.WebDriverContextCustomizer@5ae76500, org.springframework.boot.web.server.context.SpringBootTestRandomPortContextCustomizer@355e34c7, org.springframework.boot.test.context.SpringBootTestAnnotation@c129ed62], resourceBasePath = &quot;src/main/webapp&quot;, contextLoader = org.springframework.boot.test.context.SpringBootContextLoader, parent = null]" type="java.lang.IllegalStateException"><![CDATA[java.lang.IllegalStateException: Failed to load ApplicationContext for [WebMergedContextConfiguration@628b1538 testClass = com.duoc.backend.BackendApplicationTests, locations = [], classes = [com.duoc.backend.BackendApplication], contextInitializerClasses = [], activeProfiles = [], propertySourceDescriptors = [], propertySourceProperties = ["org.springframework.boot.test.context.SpringBootTestContextBootstrapper=true"], contextCustomizers = [org.springframework.boot.test.context.PropertyMappingContextCustomizer@0, org.springframework.boot.test.context.filter.ExcludeFilterContextCustomizer@754777cd, org.springframework.boot.test.json.DuplicateJsonObjectContextCustomizerFactory$DuplicateJsonObjectContextCustomizer@4c36250e, org.springframework.boot.test.autoconfigure.OnFailureConditionReportContextCustomizerFactory$OnFailureConditionReportContextCustomizer@299266e2, org.springframework.test.context.support.DynamicPropertiesContextCustomizer@0, org.springframework.boot.webmvc.test.autoconfigure.WebDriverContextCustomizer@5ae76500, org.springframework.boot.web.server.context.SpringBootTestRandomPortContextCustomizer@355e34c7, org.springframework.boot.test.context.SpringBootTestAnnotation@c129ed62], resourceBasePath = "src/main/webapp", contextLoader = org.springframework.boot.test.context.SpringBootContextLoader, parent = null]
	at org.springframework.test.context.cache.DefaultCacheAwareContextLoaderDelegate.lambda$loadContext$0(DefaultCacheAwareContextLoaderDelegate.java:195)
	at org.springframework.test.context.cache.DefaultContextCache.put(DefaultContextCache.java:214)
	at org.springframework.test.context.cache.DefaultCacheAwareContextLoaderDelegate.loadContext(DefaultCacheAwareContextLoaderDelegate.java:160)
	at org.springframework.test.context.support.DefaultTestContext.getApplicationContext(DefaultTestContext.java:128)
	at org.springframework.test.context.web.ServletTestExecutionListener.setUpRequestContextIfNecessary(ServletTestExecutionListener.java:200)
	at org.springframework.test.context.web.ServletTestExecutionListener.prepareTestInstance(ServletTestExecutionListener.java:139)
	at org.springframework.test.context.TestContextManager.prepareTestInstance(TestContextManager.java:260)
	at org.springframework.test.context.junit.jupiter.SpringExtension.postProcessTestInstance(SpringExtension.java:210)
	at java.base/java.util.stream.ForEachOps$ForEachOp$OfRef.accept(ForEachOps.java:184)
	at java.base/java.util.stream.ReferencePipeline$3$1.accept(ReferencePipeline.java:197)
	at java.base/java.util.stream.ReferencePipeline$2$1.accept(ReferencePipeline.java:179)
	at java.base/java.util.stream.ReferencePipeline$3$1.accept(ReferencePipeline.java:197)
	at java.base/java.util.ArrayList$ArrayListSpliterator.forEachRemaining(ArrayList.java:1708)
	at java.base/java.util.stream.AbstractPipeline.copyInto(AbstractPipeline.java:509)
	at java.base/java.util.stream.AbstractPipeline.wrapAndCopyInto(AbstractPipeline.java:499)
	at java.base/java.util.stream.ForEachOps$ForEachOp.evaluateSequential(ForEachOps.java:151)
	at java.base/java.util.stream.ForEachOps$ForEachOp$OfRef.evaluateSequential(ForEachOps.java:174)
	at java.base/java.util.stream.AbstractPipeline.evaluate(AbstractPipeline.java:234)
	at java.base/java.util.stream.ReferencePipeline.forEach(ReferencePipeline.java:596)
	at java.base/java.util.Optional.orElseGet(Optional.java:364)
	at java.base/java.util.ArrayList.forEach(ArrayList.java:1596)
	at java.base/java.util.ArrayList.forEach(ArrayList.java:1596)
Caused by: org.springframework.beans.factory.BeanCreationException: Error creating bean with name 'entityManagerFactory' defined in class path resource [org/springframework/boot/hibernate/autoconfigure/HibernateJpaConfiguration.class]: Unable to build Hibernate SessionFactory  [persistence unit: default] ; nested exception is org.hibernate.exception.JDBCConnectionException: Unable to open JDBC Connection for DDL execution [Communications link failure

The last packet sent successfully to the server was 0 milliseconds ago. The driver has not received any packets from the server.] [n/a]
	at org.springframework.beans.factory.support.AbstractAutowireCapableBeanFactory.initializeBean(AbstractAutowireCapableBeanFactory.java:1817)
	at org.springframework.beans.factory.support.AbstractAutowireCapableBeanFactory.doCreateBean(AbstractAutowireCapableBeanFactory.java:603)
	at org.springframework.beans.factory.support.AbstractAutowireCapableBeanFactory.createBean(AbstractAutowireCapableBeanFactory.java:525)
	at org.springframework.beans.factory.support.AbstractBeanFactory.lambda$doGetBean$0(AbstractBeanFactory.java:333)
	at org.springframework.beans.factory.support.DefaultSingletonBeanRegistry.getSingleton(DefaultSingletonBeanRegistry.java:371)
	at org.springframework.beans.factory.support.AbstractBeanFactory.doGetBean(AbstractBeanFactory.java:331)
	at org.springframework.beans.factory.support.AbstractBeanFactory.getBean(AbstractBeanFactory.java:201)
	at org.springframework.context.support.AbstractApplicationContext.finishBeanFactoryInitialization(AbstractApplicationContext.java:977)
	at org.springframework.context.support.AbstractApplicationContext.refresh(AbstractApplicationContext.java:621)
	at org.springframework.boot.SpringApplication.refresh(SpringApplication.java:756)
	at org.springframework.boot.SpringApplication.refreshContext(SpringApplication.java:445)
	at org.springframework.boot.SpringApplication.run(SpringApplication.java:321)
	at org.springframework.boot.test.context.SpringBootContextLoader.lambda$loadContext$2(SpringBootContextLoader.java:156)
	at org.springframework.util.function.ThrowingSupplier.get(ThrowingSupplier.java:58)
	at org.springframework.util.function.ThrowingSupplier.get(ThrowingSupplier.java:46)
	at org.springframework.boot.SpringApplication.withHook(SpringApplication.java:1465)
	at org.springframework.boot.test.context.SpringBootContextLoader$ContextLoaderHook.run(SpringBootContextLoader.java:605)
	at org.springframework.boot.test.context.SpringBootContextLoader.loadContext(SpringBootContextLoader.java:156)
	at org.springframework.boot.test.context.SpringBootContextLoader.loadContext(SpringBootContextLoader.java:115)
	at org.springframework.test.context.cache.DefaultCacheAwareContextLoaderDelegate.loadContextInternal(DefaultCacheAwareContextLoaderDelegate.java:247)
	at org.springframework.test.context.cache.DefaultCacheAwareContextLoaderDelegate.lambda$loadContext$0(DefaultCacheAwareContextLoaderDelegate.java:167)
	... 21 more
Caused by: jakarta.persistence.PersistenceException: Unable to build Hibernate SessionFactory  [persistence unit: default] ; nested exception is org.hibernate.exception.JDBCConnectionException: Unable to open JDBC Connection for DDL execution [Communications link failure

The last packet sent successfully to the server was 0 milliseconds ago. The driver has not received any packets from the server.] [n/a]
	at org.springframework.orm.jpa.AbstractEntityManagerFactoryBean.buildNativeEntityManagerFactory(AbstractEntityManagerFactoryBean.java:448)
	at org.springframework.orm.jpa.AbstractEntityManagerFactoryBean.afterPropertiesSet(AbstractEntityManagerFactoryBean.java:411)
	at org.springframework.orm.jpa.LocalContainerEntityManagerFactoryBean.afterPropertiesSet(LocalContainerEntityManagerFactoryBean.java:419)
	at org.springframework.beans.factory.support.AbstractAutowireCapableBeanFactory.invokeInitMethods(AbstractAutowireCapableBeanFactory.java:1864)
	at org.springframework.beans.factory.support.AbstractAutowireCapableBeanFactory.initializeBean(AbstractAutowireCapableBeanFactory.java:1813)
	... 41 more
Caused by: org.hibernate.exception.JDBCConnectionException: Unable to open JDBC Connection for DDL execution [Communications link failure

The last packet sent successfully to the server was 0 milliseconds ago. The driver has not received any packets from the server.] [n/a]
	at org.hibernate.exception.internal.SQLStateConversionDelegate.convert(SQLStateConversionDelegate.java:80)
	at org.hibernate.exception.internal.StandardSQLExceptionConverter.convert(StandardSQLExceptionConverter.java:34)
	at org.hibernate.engine.jdbc.spi.SqlExceptionHelper.convert(SqlExceptionHelper.java:115)
	at org.hibernate.engine.jdbc.spi.SqlExceptionHelper.convert(SqlExceptionHelper.java:101)
	at org.hibernate.resource.transaction.backend.jdbc.internal.DdlTransactionIsolatorNonJtaImpl.getIsolatedConnection(DdlTransactionIsolatorNonJtaImpl.java:71)
	at org.hibernate.resource.transaction.backend.jdbc.internal.DdlTransactionIsolatorNonJtaImpl.getIsolatedConnection(DdlTransactionIsolatorNonJtaImpl.java:37)
	at org.hibernate.tool.schema.internal.exec.ImprovedExtractionContextImpl.getJdbcConnection(ImprovedExtractionContextImpl.java:61)
	at org.hibernate.tool.schema.internal.exec.ImprovedExtractionContextImpl.getJdbcDatabaseMetaData(ImprovedExtractionContextImpl.java:68)
	at org.hibernate.tool.schema.extract.internal.InformationExtractorJdbcDatabaseMetaDataImpl.getJdbcDatabaseMetaData(InformationExtractorJdbcDatabaseMetaDataImpl.java:38)
	at org.hibernate.tool.schema.extract.internal.InformationExtractorJdbcDatabaseMetaDataImpl.processTableResultSet(InformationExtractorJdbcDatabaseMetaDataImpl.java:76)
	at org.hibernate.tool.schema.extract.internal.AbstractInformationExtractorImpl.getTables(AbstractInformationExtractorImpl.java:496)
	at org.hibernate.tool.schema.extract.internal.DatabaseInformationImpl.getTablesInformation(DatabaseInformationImpl.java:124)
	at org.hibernate.tool.schema.internal.GroupedSchemaMigratorImpl.performTablesMigration(GroupedSchemaMigratorImpl.java:72)
	at org.hibernate.tool.schema.internal.AbstractSchemaMigrator.performMigration(AbstractSchemaMigrator.java:220)
	at org.hibernate.tool.schema.internal.AbstractSchemaMigrator.doMigration(AbstractSchemaMigrator.java:96)
	at org.hibernate.tool.schema.spi.SchemaManagementToolCoordinator.performDatabaseAction(SchemaManagementToolCoordinator.java:269)
	at org.hibernate.tool.schema.spi.SchemaManagementToolCoordinator.lambda$process$1(SchemaManagementToolCoordinator.java:101)
	at java.base/java.util.HashMap.forEach(HashMap.java:1429)
	at org.hibernate.tool.schema.spi.SchemaManagementToolCoordinator.process(SchemaManagementToolCoordinator.java:100)
	at org.hibernate.boot.internal.SessionFactoryObserverForSchemaExport.sessionFactoryCreated(SessionFactoryObserverForSchemaExport.java:35)
	at org.hibernate.internal.SessionFactoryObserverChain.sessionFactoryCreated(SessionFactoryObserverChain.java:33)
	at org.hibernate.internal.SessionFactoryImpl.<init>(SessionFactoryImpl.java:323)
	at org.hibernate.internal.SessionFactoryRegistry.instantiateSessionFactory(SessionFactoryRegistry.java:64)
	at org.hibernate.boot.internal.SessionFactoryBuilderImpl.build(SessionFactoryBuilderImpl.java:437)
	at org.hibernate.jpa.boot.internal.EntityManagerFactoryBuilderImpl.build(EntityManagerFactoryBuilderImpl.java:1456)
	at org.springframework.orm.jpa.vendor.SpringHibernateJpaPersistenceProvider.createContainerEntityManagerFactory(SpringHibernateJpaPersistenceProvider.java:93)
	at org.springframework.orm.jpa.LocalContainerEntityManagerFactoryBean.createNativeEntityManagerFactory(LocalContainerEntityManagerFactoryBean.java:443)
	at org.springframework.orm.jpa.AbstractEntityManagerFactoryBean.buildNativeEntityManagerFactory(AbstractEntityManagerFactoryBean.java:436)
	... 45 more
Caused by: com.mysql.cj.jdbc.exceptions.CommunicationsException: Communications link failure

The last packet sent successfully to the server was 0 milliseconds ago. The driver has not received any packets from the server.
	at com.mysql.cj.jdbc.exceptions.SQLError.createCommunicationsException(SQLError.java:165)
	at com.mysql.cj.jdbc.exceptions.SQLExceptionsMapping.translateException(SQLExceptionsMapping.java:55)
	at com.mysql.cj.jdbc.ConnectionImpl.createNewIO(ConnectionImpl.java:840)
	at com.mysql.cj.jdbc.ConnectionImpl.<init>(ConnectionImpl.java:416)
	at com.mysql.cj.jdbc.ConnectionImpl.getInstance(ConnectionImpl.java:237)
	at com.mysql.cj.jdbc.NonRegisteringDriver.connect(NonRegisteringDriver.java:180)
	at com.zaxxer.hikari.util.DriverDataSource.getConnection(DriverDataSource.java:144)
	at com.zaxxer.hikari.pool.PoolBase.newConnection(PoolBase.java:373)
	at com.zaxxer.hikari.pool.PoolBase.newPoolEntry(PoolBase.java:210)
	at com.zaxxer.hikari.pool.HikariPool.createPoolEntry(HikariPool.java:488)
	at com.zaxxer.hikari.pool.HikariPool.checkFailFast(HikariPool.java:576)
	at com.zaxxer.hikari.pool.HikariPool.<init>(HikariPool.java:97)
	at com.zaxxer.hikari.HikariDataSource.getConnection(HikariDataSource.java:111)
	at org.hibernate.engine.jdbc.connections.internal.DataSourceConnectionProvider.getConnection(DataSourceConnectionProvider.java:137)
	at org.hibernate.engine.jdbc.env.internal.JdbcEnvironmentInitiator$ConnectionProviderJdbcConnectionAccess.obtainConnection(JdbcEnvironmentInitiator.java:508)
	at org.hibernate.resource.transaction.backend.jdbc.internal.DdlTransactionIsolatorNonJtaImpl.getIsolatedConnection(DdlTransactionIsolatorNonJtaImpl.java:44)
	... 68 more
Caused by: com.mysql.cj.exceptions.CJCommunicationsException: Communications link failure

The last packet sent successfully to the server was 0 milliseconds ago. The driver has not received any packets from the server.
	at java.base/java.lang.reflect.Constructor.newInstanceWithCaller(Constructor.java:502)
	at java.base/java.lang.reflect.Constructor.newInstance(Constructor.java:486)
	at com.mysql.cj.exceptions.ExceptionFactory.createException(ExceptionFactory.java:52)
	at com.mysql.cj.exceptions.ExceptionFactory.createException(ExceptionFactory.java:95)
	at com.mysql.cj.exceptions.ExceptionFactory.createException(ExceptionFactory.java:140)
	at com.mysql.cj.exceptions.ExceptionFactory.createCommunicationsException(ExceptionFactory.java:156)
	at com.mysql.cj.protocol.a.NativeSocketConnection.connect(NativeSocketConnection.java:79)
	at com.mysql.cj.NativeSession.connect(NativeSession.java:142)
	at com.mysql.cj.jdbc.ConnectionImpl.connectOneTryOnly(ConnectionImpl.java:964)
	at com.mysql.cj.jdbc.ConnectionImpl.createNewIO(ConnectionImpl.java:828)
	... 81 more
Caused by: java.net.ConnectException: Connection refused: getsockopt
	at java.base/sun.nio.ch.Net.pollConnect(Native Method)
	at java.base/sun.nio.ch.Net.pollConnectNow(Net.java:690)
	at java.base/sun.nio.ch.NioSocketImpl.timedFinishConnect(NioSocketImpl.java:542)
	at java.base/sun.nio.ch.NioSocketImpl.connect(NioSocketImpl.java:592)
	at java.base/java.net.SocksSocketImpl.connect(SocksSocketImpl.java:327)
	at java.base/java.net.Socket.connect(Socket.java:751)
	at com.mysql.cj.protocol.StandardSocketFactory.connect(StandardSocketFactory.java:144)
	at com.mysql.cj.protocol.a.NativeSocketConnection.connect(NativeSocketConnection.java:53)
	... 84 more
]]></error>
    <system-out><![CDATA[14:45:57.707 [main] INFO org.springframework.test.context.support.AnnotationConfigContextLoaderUtils -- Could not detect default configuration classes for test class [com.duoc.backend.BackendApplicationTests]: BackendApplicationTests does not declare any static, non-private, non-final, nested classes annotated with @Configuration.
14:45:58.002 [main] INFO org.springframework.boot.test.context.SpringBootTestContextBootstrapper -- Found @SpringBootConfiguration com.duoc.backend.BackendApplication for test class com.duoc.backend.BackendApplicationTests

  .   ____          _            __ _ _
 /\\ / ___'_ __ _ _(_)_ __  __ _ \ \ \ \
( ( )\___ | '_ | '_| | '_ \/ _` | \ \ \ \
 \\/  ___)| |_)| | | | | || (_| |  ) ) ) )
  '  |____| .__|_| |_|_| |_\__, | / / / /
 =========|_|==============|___/=/_/_/_/

 :: Spring Boot ::                (v4.0.3)

2026-04-30T14:45:58.677-04:00  INFO 15376 --- [backend] [           main] c.duoc.backend.BackendApplicationTests   : Starting BackendApplicationTests using Java 21.0.10 with PID 15376 (started by ariel in C:\Users\nikoc\OneDrive\Documentos\DuocUC\Semestre6\Seg y Cal de Desarrollo\Proyectos\Semana8\backend)
2026-04-30T14:45:58.680-04:00 DEBUG 15376 --- [backend] [           main] c.duoc.backend.BackendApplicationTests   : Running with Spring Boot v4.0.3, Spring v7.0.5
2026-04-30T14:45:58.682-04:00  INFO 15376 --- [backend] [           main] c.duoc.backend.BackendApplicationTests   : No active profile set, falling back to 1 default profile: "default"
2026-04-30T14:45:58.779-04:00 TRACE 15376 --- [backend] [           main] o.s.w.c.s.GenericWebApplicationContext   : Refreshing org.springframework.web.context.support.GenericWebApplicationContext@524a2ffb, started on Thu Apr 30 14:45:58 CLT 2026
2026-04-30T14:46:00.153-04:00  INFO 15376 --- [backend] [           main] .s.d.r.c.RepositoryConfigurationDelegate : Bootstrapping Spring Data JPA repositories in DEFAULT mode.
2026-04-30T14:46:00.234-04:00  INFO 15376 --- [backend] [           main] .s.d.r.c.RepositoryConfigurationDelegate : Finished Spring Data repository scanning in 68 ms. Found 5 JPA repository interfaces.
2026-04-30T14:46:00.888-04:00 TRACE 15376 --- [backend] [           main] o.s.w.c.s.GenericWebApplicationContext   : No 'messageSource' bean, using [Empty MessageSource]
2026-04-30T14:46:00.888-04:00 TRACE 15376 --- [backend] [           main] o.s.w.c.s.GenericWebApplicationContext   : No 'applicationEventMulticaster' bean, using [SimpleApplicationEventMulticaster]
2026-04-30T14:46:00.979-04:00 DEBUG 15376 --- [backend] [           main] com.zaxxer.hikari.util.UtilityElf        : Class com.mysql.cj.jdbc.Driver found in Thread context class loader jdk.internal.loader.ClassLoaders$AppClassLoader@70dea4e
2026-04-30T14:46:01.277-04:00 DEBUG 15376 --- [backend] [           main] org.hibernate.orm.jpa                    : HHH008541: PersistenceUnitInfo [
	name: default
	persistence provider classname: null
	classloader: jdk.internal.loader.ClassLoaders$AppClassLoader@70dea4e
	excludeUnlistedClasses: true
	JTA datasource: null
	Non JTA datasource: HikariDataSource (null)
	Transaction type: RESOURCE_LOCAL
	PU root URL: file:/C:/Users/nikoc/OneDrive/Documentos/DuocUC/Semestre6/Seg%20y%20Cal%20de%20Desarrollo/Proyectos/Semana8/backend/target/test-classes/
	Shared Cache Mode: UNSPECIFIED
	Validation Mode: AUTO
	Jar files URLs []
	Managed classes names [
		com.duoc.backend.Appointment
		com.duoc.backend.Invoice
		com.duoc.backend.InvoiceLineItem
		com.duoc.backend.Patient
		com.duoc.backend.Pet
		com.duoc.backend.User]
	Mapping files names []
	Properties []
2026-04-30T14:46:01.318-04:00 TRACE 15376 --- [backend] [           main] org.hibernate.orm.boot                   : HHH160227: Strategy selector for TransactionCoordinatorBuilder: 'jdbc' -> org.hibernate.resource.transaction.backend.jdbc.internal.JdbcResourceLocalTransactionCoordinatorBuilderImpl
2026-04-30T14:46:01.320-04:00 TRACE 15376 --- [backend] [           main] org.hibernate.orm.boot                   : HHH160227: Strategy selector for TransactionCoordinatorBuilder: 'jta' -> org.hibernate.resource.transaction.backend.jta.internal.JtaTransactionCoordinatorBuilderImpl
2026-04-30T14:46:01.321-04:00 TRACE 15376 --- [backend] [           main] org.hibernate.orm.boot                   : HHH160227: Strategy selector for TransactionCoordinatorBuilder: 'org.hibernate.transaction.JDBCTransactionFactory' -> org.hibernate.resource.transaction.backend.jdbc.internal.JdbcResourceLocalTransactionCoordinatorBuilderImpl
2026-04-30T14:46:01.321-04:00 TRACE 15376 --- [backend] [           main] org.hibernate.orm.boot                   : HHH160227: Strategy selector for TransactionCoordinatorBuilder: 'org.hibernate.transaction.JTATransactionFactory' -> org.hibernate.resource.transaction.backend.jta.internal.JtaTransactionCoordinatorBuilderImpl
2026-04-30T14:46:01.321-04:00 TRACE 15376 --- [backend] [           main] org.hibernate.orm.boot                   : HHH160227: Strategy selector for TransactionCoordinatorBuilder: 'org.hibernate.transaction.CMTTransactionFactory' -> org.hibernate.resource.transaction.backend.jta.internal.JtaTransactionCoordinatorBuilderImpl
2026-04-30T14:46:01.324-04:00 TRACE 15376 --- [backend] [           main] org.hibernate.orm.boot                   : HHH160227: Strategy selector for SqmMultiTableInsertStrategy: 'cte' -> org.hibernate.query.sqm.mutation.internal.cte.CteInsertStrategy
2026-04-30T14:46:01.327-04:00 TRACE 15376 --- [backend] [           main] org.hibernate.orm.boot                   : HHH160227: Strategy selector for SqmMultiTableInsertStrategy: 'global_temporary' -> org.hibernate.query.sqm.mutation.internal.temptable.GlobalTemporaryTableInsertStrategy
2026-04-30T14:46:01.330-04:00 TRACE 15376 --- [backend] [           main] org.hibernate.orm.boot                   : HHH160227: Strategy selector for SqmMultiTableInsertStrategy: 'local_temporary' -> org.hibernate.query.sqm.mutation.internal.temptable.LocalTemporaryTableInsertStrategy
2026-04-30T14:46:01.332-04:00 TRACE 15376 --- [backend] [           main] org.hibernate.orm.boot                   : HHH160227: Strategy selector for SqmMultiTableInsertStrategy: 'persistent' -> org.hibernate.query.sqm.mutation.internal.temptable.PersistentTableInsertStrategy
2026-04-30T14:46:01.335-04:00 TRACE 15376 --- [backend] [           main] org.hibernate.orm.boot                   : HHH160227: Strategy selector for SqmMultiTableMutationStrategy: 'cte' -> org.hibernate.query.sqm.mutation.internal.cte.CteMutationStrategy
2026-04-30T14:46:01.336-04:00 TRACE 15376 --- [backend] [           main] org.hibernate.orm.boot                   : HHH160227: Strategy selector for SqmMultiTableMutationStrategy: 'global_temporary' -> org.hibernate.query.sqm.mutation.internal.temptable.GlobalTemporaryTableMutationStrategy
2026-04-30T14:46:01.337-04:00 TRACE 15376 --- [backend] [           main] org.hibernate.orm.boot                   : HHH160227: Strategy selector for SqmMultiTableMutationStrategy: 'local_temporary' -> org.hibernate.query.sqm.mutation.internal.temptable.LocalTemporaryTableMutationStrategy
2026-04-30T14:46:01.341-04:00 TRACE 15376 --- [backend] [           main] org.hibernate.orm.boot                   : HHH160227: Strategy selector for SqmMultiTableMutationStrategy: 'persistent' -> org.hibernate.query.sqm.mutation.internal.temptable.PersistentTableMutationStrategy
2026-04-30T14:46:01.341-04:00 TRACE 15376 --- [backend] [           main] org.hibernate.orm.boot                   : HHH160227: Strategy selector for ImplicitNamingStrategy: 'default' -> org.hibernate.boot.model.naming.ImplicitNamingStrategyJpaCompliantImpl
2026-04-30T14:46:01.341-04:00 TRACE 15376 --- [backend] [           main] org.hibernate.orm.boot                   : HHH160227: Strategy selector for ImplicitNamingStrategy: 'jpa' -> org.hibernate.boot.model.naming.ImplicitNamingStrategyJpaCompliantImpl
2026-04-30T14:46:01.342-04:00 TRACE 15376 --- [backend] [           main] org.hibernate.orm.boot                   : HHH160227: Strategy selector for ImplicitNamingStrategy: 'legacy-jpa' -> org.hibernate.boot.model.naming.ImplicitNamingStrategyLegacyJpaImpl
2026-04-30T14:46:01.343-04:00 TRACE 15376 --- [backend] [           main] org.hibernate.orm.boot                   : HHH160227: Strategy selector for ImplicitNamingStrategy: 'legacy-hbm' -> org.hibernate.boot.model.naming.ImplicitNamingStrategyLegacyHbmImpl
2026-04-30T14:46:01.345-04:00 TRACE 15376 --- [backend] [           main] org.hibernate.orm.boot                   : HHH160227: Strategy selector for ImplicitNamingStrategy: 'component-path' -> org.hibernate.boot.model.naming.ImplicitNamingStrategyComponentPathImpl
2026-04-30T14:46:01.347-04:00 TRACE 15376 --- [backend] [           main] org.hibernate.orm.boot                   : HHH160227: Strategy selector for ImplicitDatabaseObjectNamingStrategy: 'standard' -> org.hibernate.id.enhanced.StandardNamingStrategy
2026-04-30T14:46:01.348-04:00 TRACE 15376 --- [backend] [           main] org.hibernate.orm.boot                   : HHH160227: Strategy selector for ImplicitDatabaseObjectNamingStrategy: 'single' -> org.hibernate.id.enhanced.SingleNamingStrategy
2026-04-30T14:46:01.352-04:00 TRACE 15376 --- [backend] [           main] org.hibernate.orm.boot                   : HHH160227: Strategy selector for ImplicitDatabaseObjectNamingStrategy: 'legacy' -> org.hibernate.id.enhanced.LegacyNamingStrategy
2026-04-30T14:46:01.354-04:00 TRACE 15376 --- [backend] [           main] org.hibernate.orm.boot                   : HHH160227: Strategy selector for ColumnOrderingStrategy: 'default' -> org.hibernate.boot.model.relational.ColumnOrderingStrategyStandard
2026-04-30T14:46:01.355-04:00 TRACE 15376 --- [backend] [           main] org.hibernate.orm.boot                   : HHH160227: Strategy selector for ColumnOrderingStrategy: 'legacy' -> org.hibernate.boot.model.relational.ColumnOrderingStrategyLegacy
2026-04-30T14:46:01.358-04:00 TRACE 15376 --- [backend] [           main] org.hibernate.orm.boot                   : HHH160227: Strategy selector for CacheKeysFactory: 'default' -> org.hibernate.cache.internal.DefaultCacheKeysFactory
2026-04-30T14:46:01.360-04:00 TRACE 15376 --- [backend] [           main] org.hibernate.orm.boot                   : HHH160227: Strategy selector for CacheKeysFactory: 'simple' -> org.hibernate.cache.internal.SimpleCacheKeysFactory
2026-04-30T14:46:01.363-04:00 TRACE 15376 --- [backend] [           main] org.hibernate.orm.boot                   : HHH160227: Strategy selector for FormatMapper: 'jsonb' -> org.hibernate.type.format.jakartajson.JsonBJsonFormatMapper
2026-04-30T14:46:01.366-04:00 TRACE 15376 --- [backend] [           main] org.hibernate.orm.boot                   : HHH160227: Strategy selector for FormatMapper: 'jackson' -> org.hibernate.type.format.jackson.JacksonJsonFormatMapper
2026-04-30T14:46:01.372-04:00 TRACE 15376 --- [backend] [           main] org.hibernate.orm.boot                   : HHH160227: Strategy selector for FormatMapper: 'jackson-xml' -> org.hibernate.type.format.jackson.JacksonXmlFormatMapper
2026-04-30T14:46:01.375-04:00 TRACE 15376 --- [backend] [           main] org.hibernate.orm.boot                   : HHH160227: Strategy selector for FormatMapper: 'jaxb' -> org.hibernate.type.format.jaxb.JaxbXmlFormatMapper
2026-04-30T14:46:01.383-04:00 DEBUG 15376 --- [backend] [           main] org.hibernate.orm.service                : HHH010455: Adding integrator: org.hibernate.boot.beanvalidation.BeanValidationIntegrator
2026-04-30T14:46:01.388-04:00 DEBUG 15376 --- [backend] [           main] org.hibernate.orm.service                : HHH010455: Adding integrator: org.hibernate.cache.internal.CollectionCacheInvalidator
2026-04-30T14:46:01.489-04:00  INFO 15376 --- [backend] [           main] org.hibernate.orm.core                   : HHH000001: Hibernate ORM core version 7.2.4.Final
2026-04-30T14:46:01.492-04:00 DEBUG 15376 --- [backend] [           main] org.hibernate.orm.core                   : HHH000206: 'hibernate.properties' not found
2026-04-30T14:46:01.521-04:00 TRACE 15376 --- [backend] [           main] org.hibernate.orm.service                : HHH010500: Initializing service: org.hibernate.engine.config.spi.ConfigurationService
2026-04-30T14:46:01.532-04:00 TRACE 15376 --- [backend] [           main] org.hibernate.orm.service                : HHH010500: Initializing service: org.hibernate.engine.jdbc.connections.spi.MultiTenantConnectionProvider
2026-04-30T14:46:01.534-04:00 TRACE 15376 --- [backend] [           main] org.hibernate.orm.service                : HHH010500: Initializing service: org.hibernate.resource.beans.spi.ManagedBeanRegistry
2026-04-30T14:46:01.540-04:00 TRACE 15376 --- [backend] [           main] org.hibernate.orm.service                : HHH010500: Initializing service: org.hibernate.cache.spi.RegionFactory
2026-04-30T14:46:01.544-04:00 DEBUG 15376 --- [backend] [           main] org.hibernate.orm.cache                  : HHH90001031: Cannot default RegionFactory since no RegionFactory strategies were registered
2026-04-30T14:46:01.545-04:00 DEBUG 15376 --- [backend] [           main] org.hibernate.orm.cache                  : HHH90001029: Second-level cache disabled
2026-04-30T14:46:01.998-04:00 TRACE 15376 --- [backend] [           main] org.hibernate.models.annotations         : Registering AnnotationDescriptor - AnnotationDescriptor(jakarta.persistence.Access)
2026-04-30T14:46:01.999-04:00 TRACE 15376 --- [backend] [           main] org.hibernate.models.annotations         : Registering AnnotationDescriptor - AnnotationDescriptor(jakarta.persistence.AssociationOverrides)
2026-04-30T14:46:02.000-04:00 TRACE 15376 --- [backend] [           main] org.hibernate.models.annotations         : Registering AnnotationDescriptor - AnnotationDescriptor(jakarta.persistence.AssociationOverride)
2026-04-30T14:46:02.000-04:00 TRACE 15376 --- [backend] [           main] org.hibernate.models.annotations         : Registering repeatable AnnotationDescriptor - AnnotationDescriptor(jakarta.persistence.AssociationOverrides)
2026-04-30T14:46:02.000-04:00 TRACE 15376 --- [backend] [           main] org.hibernate.models.annotations         : Registering AnnotationDescriptor - AnnotationDescriptor(jakarta.persistence.AttributeOverrides)
2026-04-30T14:46:02.001-04:00 TRACE 15376 --- [backend] [           main] org.hibernate.models.annotations         : Registering AnnotationDescriptor - AnnotationDescriptor(jakarta.persistence.AttributeOverride)
2026-04-30T14:46:02.001-04:00 TRACE 15376 --- [backend] [           main] org.hibernate.models.annotations         : Registering repeatable AnnotationDescriptor - AnnotationDescriptor(jakarta.persistence.AttributeOverrides)
2026-04-30T14:46:02.002-04:00 TRACE 15376 --- [backend] [           main] org.hibernate.models.annotations         : Registering AnnotationDescriptor - AnnotationDescriptor(jakarta.persistence.Basic)
2026-04-30T14:46:02.002-04:00 TRACE 15376 --- [backend] [           main] org.hibernate.models.annotations         : Registering AnnotationDescriptor - AnnotationDescriptor(jakarta.persistence.Cacheable)
2026-04-30T14:46:02.003-04:00 TRACE 15376 --- [backend] [           main] org.hibernate.models.annotations         : Registering AnnotationDescriptor - AnnotationDescriptor(jakarta.persistence.CheckConstraint)
2026-04-30T14:46:02.004-04:00 TRACE 15376 --- [backend] [           main] org.hibernate.models.annotations         : Registering AnnotationDescriptor - AnnotationDescriptor(jakarta.persistence.CollectionTable)
2026-04-30T14:46:02.004-04:00 TRACE 15376 --- [backend] [           main] org.hibernate.models.annotations         : Registering AnnotationDescriptor - AnnotationDescriptor(jakarta.persistence.Column)
2026-04-30T14:46:02.005-04:00 TRACE 15376 --- [backend] [           main] org.hibernate.models.annotations         : Registering AnnotationDescriptor - AnnotationDescriptor(jakarta.persistence.ColumnResult)
2026-04-30T14:46:02.005-04:00 TRACE 15376 --- [backend] [           main] org.hibernate.models.annotations         : Registering AnnotationDescriptor - AnnotationDescriptor(jakarta.persistence.ConstructorResult)
2026-04-30T14:46:02.006-04:00 TRACE 15376 --- [backend] [           main] org.hibernate.models.annotations         : Registering AnnotationDescriptor - AnnotationDescriptor(jakarta.persistence.Converts)
2026-04-30T14:46:02.006-04:00 TRACE 15376 --- [backend] [           main] org.hibernate.models.annotations         : Registering AnnotationDescriptor - AnnotationDescriptor(jakarta.persistence.Convert)
2026-04-30T14:46:02.007-04:00 TRACE 15376 --- [backend] [           main] org.hibernate.models.annotations         : Registering repeatable AnnotationDescriptor - AnnotationDescriptor(jakarta.persistence.Converts)
2026-04-30T14:46:02.007-04:00 TRACE 15376 --- [backend] [           main] org.hibernate.models.annotations         : Registering AnnotationDescriptor - AnnotationDescriptor(jakarta.persistence.Converter)
2026-04-30T14:46:02.007-04:00 TRACE 15376 --- [backend] [           main] org.hibernate.models.annotations         : Registering AnnotationDescriptor - AnnotationDescriptor(jakarta.persistence.DiscriminatorColumn)
2026-04-30T14:46:02.009-04:00 TRACE 15376 --- [backend] [           main] org.hibernate.models.annotations         : Registering AnnotationDescriptor - AnnotationDescriptor(jakarta.persistence.DiscriminatorValue)
2026-04-30T14:46:02.009-04:00 TRACE 15376 --- [backend] [           main] org.hibernate.models.annotations         : Registering AnnotationDescriptor - AnnotationDescriptor(jakarta.persistence.ElementCollection)
2026-04-30T14:46:02.010-04:00 TRACE 15376 --- [backend] [           main] org.hibernate.models.annotations         : Registering AnnotationDescriptor - AnnotationDescriptor(jakarta.persistence.Embeddable)
2026-04-30T14:46:02.010-04:00 TRACE 15376 --- [backend] [           main] org.hibernate.models.annotations         : Registering AnnotationDescriptor - AnnotationDescriptor(jakarta.persistence.Embedded)
2026-04-30T14:46:02.011-04:00 TRACE 15376 --- [backend] [           main] org.hibernate.models.annotations         : Registering AnnotationDescriptor - AnnotationDescriptor(jakarta.persistence.EmbeddedId)
2026-04-30T14:46:02.012-04:00 TRACE 15376 --- [backend] [           main] org.hibernate.models.annotations         : Registering AnnotationDescriptor - AnnotationDescriptor(jakarta.persistence.Entity)
2026-04-30T14:46:02.012-04:00 TRACE 15376 --- [backend] [           main] org.hibernate.models.annotations         : Registering AnnotationDescriptor - AnnotationDescriptor(jakarta.persistence.EntityListeners)
2026-04-30T14:46:02.012-04:00 TRACE 15376 --- [backend] [           main] org.hibernate.models.annotations         : Registering AnnotationDescriptor - AnnotationDescriptor(jakarta.persistence.EntityResult)
2026-04-30T14:46:02.013-04:00 TRACE 15376 --- [backend] [           main] org.hibernate.models.annotations         : Registering AnnotationDescriptor - AnnotationDescriptor(jakarta.persistence.Enumerated)
2026-04-30T14:46:02.014-04:00 TRACE 15376 --- [backend] [           main] org.hibernate.models.annotations         : Registering AnnotationDescriptor - AnnotationDescriptor(jakarta.persistence.EnumeratedValue)
2026-04-30T14:46:02.014-04:00 TRACE 15376 --- [backend] [           main] org.hibernate.models.annotations         : Registering AnnotationDescriptor - AnnotationDescriptor(jakarta.persistence.ExcludeDefaultListeners)
2026-04-30T14:46:02.015-04:00 TRACE 15376 --- [backend] [           main] org.hibernate.models.annotations         : Registering AnnotationDescriptor - AnnotationDescriptor(jakarta.persistence.ExcludeSuperclassListeners)
2026-04-30T14:46:02.015-04:00 TRACE 15376 --- [backend] [           main] org.hibernate.models.annotations         : Registering AnnotationDescriptor - AnnotationDescriptor(jakarta.persistence.FieldResult)
2026-04-30T14:46:02.016-04:00 TRACE 15376 --- [backend] [           main] org.hibernate.models.annotations         : Registering AnnotationDescriptor - AnnotationDescriptor(jakarta.persistence.ForeignKey)
2026-04-30T14:46:02.016-04:00 TRACE 15376 --- [backend] [           main] org.hibernate.models.annotations         : Registering AnnotationDescriptor - AnnotationDescriptor(jakarta.persistence.GeneratedValue)
2026-04-30T14:46:02.017-04:00 TRACE 15376 --- [backend] [           main] org.hibernate.models.annotations         : Registering AnnotationDescriptor - AnnotationDescriptor(jakarta.persistence.Id)
2026-04-30T14:46:02.018-04:00 TRACE 15376 --- [backend] [           main] org.hibernate.models.annotations         : Registering AnnotationDescriptor - AnnotationDescriptor(jakarta.persistence.IdClass)
2026-04-30T14:46:02.018-04:00 TRACE 15376 --- [backend] [           main] org.hibernate.models.annotations         : Registering AnnotationDescriptor - AnnotationDescriptor(jakarta.persistence.Index)
2026-04-30T14:46:02.019-04:00 TRACE 15376 --- [backend] [           main] org.hibernate.models.annotations         : Registering AnnotationDescriptor - AnnotationDescriptor(jakarta.persistence.Inheritance)
2026-04-30T14:46:02.020-04:00 TRACE 15376 --- [backend] [           main] org.hibernate.models.annotations         : Registering AnnotationDescriptor - AnnotationDescriptor(jakarta.persistence.JoinColumns)
2026-04-30T14:46:02.021-04:00 TRACE 15376 --- [backend] [           main] org.hibernate.models.annotations         : Registering AnnotationDescriptor - AnnotationDescriptor(jakarta.persistence.JoinColumn)
2026-04-30T14:46:02.022-04:00 TRACE 15376 --- [backend] [           main] org.hibernate.models.annotations         : Registering repeatable AnnotationDescriptor - AnnotationDescriptor(jakarta.persistence.JoinColumns)
2026-04-30T14:46:02.023-04:00 TRACE 15376 --- [backend] [           main] org.hibernate.models.annotations         : Registering AnnotationDescriptor - AnnotationDescriptor(jakarta.persistence.JoinTable)
2026-04-30T14:46:02.023-04:00 TRACE 15376 --- [backend] [           main] org.hibernate.models.annotations         : Registering AnnotationDescriptor - AnnotationDescriptor(jakarta.persistence.Lob)
2026-04-30T14:46:02.024-04:00 TRACE 15376 --- [backend] [           main] org.hibernate.models.annotations         : Registering AnnotationDescriptor - AnnotationDescriptor(jakarta.persistence.ManyToMany)
2026-04-30T14:46:02.024-04:00 TRACE 15376 --- [backend] [           main] org.hibernate.models.annotations         : Registering AnnotationDescriptor - AnnotationDescriptor(jakarta.persistence.ManyToOne)
2026-04-30T14:46:02.025-04:00 TRACE 15376 --- [backend] [           main] org.hibernate.models.annotations         : Registering AnnotationDescriptor - AnnotationDescriptor(jakarta.persistence.MapKey)
2026-04-30T14:46:02.026-04:00 TRACE 15376 --- [backend] [           main] org.hibernate.models.annotations         : Registering AnnotationDescriptor - AnnotationDescriptor(jakarta.persistence.MapKeyClass)
2026-04-30T14:46:02.026-04:00 TRACE 15376 --- [backend] [           main] org.hibernate.models.annotations         : Registering AnnotationDescriptor - AnnotationDescriptor(jakarta.persistence.MapKeyColumn)
2026-04-30T14:46:02.027-04:00 TRACE 15376 --- [backend] [           main] org.hibernate.models.annotations         : Registering AnnotationDescriptor - AnnotationDescriptor(jakarta.persistence.MapKeyEnumerated)
2026-04-30T14:46:02.027-04:00 TRACE 15376 --- [backend] [           main] org.hibernate.models.annotations         : Registering AnnotationDescriptor - AnnotationDescriptor(jakarta.persistence.MapKeyJoinColumns)
2026-04-30T14:46:02.027-04:00 TRACE 15376 --- [backend] [           main] org.hibernate.models.annotations         : Registering AnnotationDescriptor - AnnotationDescriptor(jakarta.persistence.MapKeyJoinColumn)
2026-04-30T14:46:02.028-04:00 TRACE 15376 --- [backend] [           main] org.hibernate.models.annotations         : Registering repeatable AnnotationDescriptor - AnnotationDescriptor(jakarta.persistence.MapKeyJoinColumns)
2026-04-30T14:46:02.028-04:00 TRACE 15376 --- [backend] [           main] org.hibernate.models.annotations         : Registering AnnotationDescriptor - AnnotationDescriptor(jakarta.persistence.MapKeyTemporal)
2026-04-30T14:46:02.028-04:00 TRACE 15376 --- [backend] [           main] org.hibernate.models.annotations         : Registering AnnotationDescriptor - AnnotationDescriptor(jakarta.persistence.MappedSuperclass)
2026-04-30T14:46:02.030-04:00 TRACE 15376 --- [backend] [           main] org.hibernate.models.annotations         : Registering AnnotationDescriptor - AnnotationDescriptor(jakarta.persistence.MapsId)
2026-04-30T14:46:02.031-04:00 TRACE 15376 --- [backend] [           main] org.hibernate.models.annotations         : Registering AnnotationDescriptor - AnnotationDescriptor(jakarta.persistence.NamedAttributeNode)
2026-04-30T14:46:02.031-04:00 TRACE 15376 --- [backend] [           main] org.hibernate.models.annotations         : Registering AnnotationDescriptor - AnnotationDescriptor(jakarta.persistence.NamedEntityGraphs)
2026-04-30T14:46:02.032-04:00 TRACE 15376 --- [backend] [           main] org.hibernate.models.annotations         : Registering AnnotationDescriptor - AnnotationDescriptor(jakarta.persistence.NamedEntityGraph)
2026-04-30T14:46:02.032-04:00 TRACE 15376 --- [backend] [           main] org.hibernate.models.annotations         : Registering repeatable AnnotationDescriptor - AnnotationDescriptor(jakarta.persistence.NamedEntityGraphs)
2026-04-30T14:46:02.033-04:00 TRACE 15376 --- [backend] [           main] org.hibernate.models.annotations         : Registering AnnotationDescriptor - AnnotationDescriptor(jakarta.persistence.NamedNativeQueries)
2026-04-30T14:46:02.033-04:00 TRACE 15376 --- [backend] [           main] org.hibernate.models.annotations         : Registering AnnotationDescriptor - AnnotationDescriptor(jakarta.persistence.NamedNativeQuery)
2026-04-30T14:46:02.033-04:00 TRACE 15376 --- [backend] [           main] org.hibernate.models.annotations         : Registering repeatable AnnotationDescriptor - AnnotationDescriptor(jakarta.persistence.NamedNativeQueries)
2026-04-30T14:46:02.033-04:00 TRACE 15376 --- [backend] [           main] org.hibernate.models.annotations         : Registering AnnotationDescriptor - AnnotationDescriptor(jakarta.persistence.NamedQueries)
2026-04-30T14:46:02.034-04:00 TRACE 15376 --- [backend] [           main] org.hibernate.models.annotations         : Registering AnnotationDescriptor - AnnotationDescriptor(jakarta.persistence.NamedQuery)
2026-04-30T14:46:02.034-04:00 TRACE 15376 --- [backend] [           main] org.hibernate.models.annotations         : Registering repeatable AnnotationDescriptor - AnnotationDescriptor(jakarta.persistence.NamedQueries)
2026-04-30T14:46:02.035-04:00 TRACE 15376 --- [backend] [           main] org.hibernate.models.annotations         : Registering AnnotationDescriptor - AnnotationDescriptor(jakarta.persistence.NamedStoredProcedureQueries)
2026-04-30T14:46:02.035-04:00 TRACE 15376 --- [backend] [           main] org.hibernate.models.annotations         : Registering AnnotationDescriptor - AnnotationDescriptor(jakarta.persistence.NamedStoredProcedureQuery)
2026-04-30T14:46:02.035-04:00 TRACE 15376 --- [backend] [           main] org.hibernate.models.annotations         : Registering repeatable AnnotationDescriptor - AnnotationDescriptor(jakarta.persistence.NamedStoredProcedureQueries)
2026-04-30T14:46:02.036-04:00 TRACE 15376 --- [backend] [           main] org.hibernate.models.annotations         : Registering AnnotationDescriptor - AnnotationDescriptor(jakarta.persistence.NamedSubgraph)
2026-04-30T14:46:02.036-04:00 TRACE 15376 --- [backend] [           main] org.hibernate.models.annotations         : Registering AnnotationDescriptor - AnnotationDescriptor(jakarta.persistence.OneToMany)
2026-04-30T14:46:02.036-04:00 TRACE 15376 --- [backend] [           main] org.hibernate.models.annotations         : Registering AnnotationDescriptor - AnnotationDescriptor(jakarta.persistence.OneToOne)
2026-04-30T14:46:02.037-04:00 TRACE 15376 --- [backend] [           main] org.hibernate.models.annotations         : Registering AnnotationDescriptor - AnnotationDescriptor(jakarta.persistence.OrderBy)
2026-04-30T14:46:02.037-04:00 TRACE 15376 --- [backend] [           main] org.hibernate.models.annotations         : Registering AnnotationDescriptor - AnnotationDescriptor(jakarta.persistence.OrderColumn)
2026-04-30T14:46:02.037-04:00 TRACE 15376 --- [backend] [           main] org.hibernate.models.annotations         : Registering AnnotationDescriptor - AnnotationDescriptor(jakarta.persistence.PostLoad)
2026-04-30T14:46:02.038-04:00 TRACE 15376 --- [backend] [           main] org.hibernate.models.annotations         : Registering AnnotationDescriptor - AnnotationDescriptor(jakarta.persistence.PostPersist)
2026-04-30T14:46:02.038-04:00 TRACE 15376 --- [backend] [           main] org.hibernate.models.annotations         : Registering AnnotationDescriptor - AnnotationDescriptor(jakarta.persistence.PostRemove)
2026-04-30T14:46:02.038-04:00 TRACE 15376 --- [backend] [           main] org.hibernate.models.annotations         : Registering AnnotationDescriptor - AnnotationDescriptor(jakarta.persistence.PostUpdate)
2026-04-30T14:46:02.039-04:00 TRACE 15376 --- [backend] [           main] org.hibernate.models.annotations         : Registering AnnotationDescriptor - AnnotationDescriptor(jakarta.persistence.PrePersist)
2026-04-30T14:46:02.039-04:00 TRACE 15376 --- [backend] [           main] org.hibernate.models.annotations         : Registering AnnotationDescriptor - AnnotationDescriptor(jakarta.persistence.PreRemove)
2026-04-30T14:46:02.040-04:00 TRACE 15376 --- [backend] [           main] org.hibernate.models.annotations         : Registering AnnotationDescriptor - AnnotationDescriptor(jakarta.persistence.PreUpdate)
2026-04-30T14:46:02.040-04:00 TRACE 15376 --- [backend] [           main] org.hibernate.models.annotations         : Registering AnnotationDescriptor - AnnotationDescriptor(jakarta.persistence.PrimaryKeyJoinColumns)
2026-04-30T14:46:02.040-04:00 TRACE 15376 --- [backend] [           main] org.hibernate.models.annotations         : Registering AnnotationDescriptor - AnnotationDescriptor(jakarta.persistence.PrimaryKeyJoinColumn)
2026-04-30T14:46:02.041-04:00 TRACE 15376 --- [backend] [           main] org.hibernate.models.annotations         : Registering repeatable AnnotationDescriptor - AnnotationDescriptor(jakarta.persistence.PrimaryKeyJoinColumns)
2026-04-30T14:46:02.041-04:00 TRACE 15376 --- [backend] [           main] org.hibernate.models.annotations         : Registering AnnotationDescriptor - AnnotationDescriptor(jakarta.persistence.QueryHint)
2026-04-30T14:46:02.041-04:00 TRACE 15376 --- [backend] [           main] org.hibernate.models.annotations         : Registering AnnotationDescriptor - AnnotationDescriptor(jakarta.persistence.SecondaryTables)
2026-04-30T14:46:02.042-04:00 TRACE 15376 --- [backend] [           main] org.hibernate.models.annotations         : Registering AnnotationDescriptor - AnnotationDescriptor(jakarta.persistence.SecondaryTable)
2026-04-30T14:46:02.042-04:00 TRACE 15376 --- [backend] [           main] org.hibernate.models.annotations         : Registering repeatable AnnotationDescriptor - AnnotationDescriptor(jakarta.persistence.SecondaryTables)
2026-04-30T14:46:02.043-04:00 TRACE 15376 --- [backend] [           main] org.hibernate.models.annotations         : Registering AnnotationDescriptor - AnnotationDescriptor(jakarta.persistence.SequenceGenerators)
2026-04-30T14:46:02.044-04:00 TRACE 15376 --- [backend] [           main] org.hibernate.models.annotations         : Registering AnnotationDescriptor - AnnotationDescriptor(jakarta.persistence.SequenceGenerator)
2026-04-30T14:46:02.044-04:00 TRACE 15376 --- [backend] [           main] org.hibernate.models.annotations         : Registering repeatable AnnotationDescriptor - AnnotationDescriptor(jakarta.persistence.SequenceGenerators)
2026-04-30T14:46:02.044-04:00 TRACE 15376 --- [backend] [           main] org.hibernate.models.annotations         : Registering AnnotationDescriptor - AnnotationDescriptor(jakarta.persistence.SqlResultSetMappings)
2026-04-30T14:46:02.044-04:00 TRACE 15376 --- [backend] [           main] org.hibernate.models.annotations         : Registering AnnotationDescriptor - AnnotationDescriptor(jakarta.persistence.SqlResultSetMapping)
2026-04-30T14:46:02.044-04:00 TRACE 15376 --- [backend] [           main] org.hibernate.models.annotations         : Registering repeatable AnnotationDescriptor - AnnotationDescriptor(jakarta.persistence.SqlResultSetMappings)
2026-04-30T14:46:02.045-04:00 TRACE 15376 --- [backend] [           main] org.hibernate.models.annotations         : Registering AnnotationDescriptor - AnnotationDescriptor(jakarta.persistence.StoredProcedureParameter)
2026-04-30T14:46:02.045-04:00 TRACE 15376 --- [backend] [           main] org.hibernate.models.annotations         : Registering AnnotationDescriptor - AnnotationDescriptor(jakarta.persistence.Table)
2026-04-30T14:46:02.046-04:00 TRACE 15376 --- [backend] [           main] org.hibernate.models.annotations         : Registering AnnotationDescriptor - AnnotationDescriptor(jakarta.persistence.TableGenerators)
2026-04-30T14:46:02.046-04:00 TRACE 15376 --- [backend] [           main] org.hibernate.models.annotations         : Registering AnnotationDescriptor - AnnotationDescriptor(jakarta.persistence.TableGenerator)
2026-04-30T14:46:02.046-04:00 TRACE 15376 --- [backend] [           main] org.hibernate.models.annotations         : Registering repeatable AnnotationDescriptor - AnnotationDescriptor(jakarta.persistence.TableGenerators)
2026-04-30T14:46:02.047-04:00 TRACE 15376 --- [backend] [           main] org.hibernate.models.annotations         : Registering AnnotationDescriptor - AnnotationDescriptor(jakarta.persistence.Temporal)
2026-04-30T14:46:02.047-04:00 TRACE 15376 --- [backend] [           main] org.hibernate.models.annotations         : Registering AnnotationDescriptor - AnnotationDescriptor(jakarta.persistence.Transient)
2026-04-30T14:46:02.048-04:00 TRACE 15376 --- [backend] [           main] org.hibernate.models.annotations         : Registering AnnotationDescriptor - AnnotationDescriptor(jakarta.persistence.UniqueConstraint)
2026-04-30T14:46:02.048-04:00 TRACE 15376 --- [backend] [           main] org.hibernate.models.annotations         : Registering AnnotationDescriptor - AnnotationDescriptor(jakarta.persistence.Version)
2026-04-30T14:46:02.308-04:00 TRACE 15376 --- [backend] [           main] org.hibernate.models.annotations         : Registering AnnotationDescriptor - AnnotationDescriptor(org.hibernate.annotations.Any)
2026-04-30T14:46:02.310-04:00 TRACE 15376 --- [backend] [           main] org.hibernate.models.annotations         : Registering AnnotationDescriptor - AnnotationDescriptor(org.hibernate.annotations.AnyDiscriminator)
2026-04-30T14:46:02.310-04:00 TRACE 15376 --- [backend] [           main] org.hibernate.models.annotations         : Registering AnnotationDescriptor - AnnotationDescriptor(org.hibernate.annotations.AnyDiscriminatorImplicitValues)
2026-04-30T14:46:02.311-04:00 TRACE 15376 --- [backend] [           main] org.hibernate.models.annotations         : Registering AnnotationDescriptor - AnnotationDescriptor(org.hibernate.annotations.AnyDiscriminatorValues)
2026-04-30T14:46:02.311-04:00 TRACE 15376 --- [backend] [           main] org.hibernate.models.annotations         : Registering AnnotationDescriptor - AnnotationDescriptor(org.hibernate.annotations.AnyDiscriminatorValue)
2026-04-30T14:46:02.311-04:00 TRACE 15376 --- [backend] [           main] org.hibernate.models.annotations         : Registering repeatable AnnotationDescriptor - AnnotationDescriptor(org.hibernate.annotations.AnyDiscriminatorValues)
2026-04-30T14:46:02.312-04:00 TRACE 15376 --- [backend] [           main] org.hibernate.models.annotations         : Registering AnnotationDescriptor - AnnotationDescriptor(org.hibernate.annotations.AnyKeyJavaClass)
2026-04-30T14:46:02.312-04:00 TRACE 15376 --- [backend] [           main] org.hibernate.models.annotations         : Registering AnnotationDescriptor - AnnotationDescriptor(org.hibernate.annotations.AnyKeyJavaType)
2026-04-30T14:46:02.313-04:00 TRACE 15376 --- [backend] [           main] org.hibernate.models.annotations         : Registering AnnotationDescriptor - AnnotationDescriptor(org.hibernate.annotations.AnyKeyJdbcType)
2026-04-30T14:46:02.314-04:00 TRACE 15376 --- [backend] [           main] org.hibernate.models.annotations         : Registering AnnotationDescriptor - AnnotationDescriptor(org.hibernate.annotations.AnyKeyJdbcTypeCode)
2026-04-30T14:46:02.314-04:00 TRACE 15376 --- [backend] [           main] org.hibernate.models.annotations         : Registering AnnotationDescriptor - AnnotationDescriptor(org.hibernate.boot.internal.AnyKeyType)
2026-04-30T14:46:02.315-04:00 TRACE 15376 --- [backend] [           main] org.hibernate.models.annotations         : Registering AnnotationDescriptor - AnnotationDescriptor(org.hibernate.annotations.Array)
2026-04-30T14:46:02.315-04:00 TRACE 15376 --- [backend] [           main] org.hibernate.models.annotations         : Registering AnnotationDescriptor - AnnotationDescriptor(org.hibernate.annotations.AttributeAccessor)
2026-04-30T14:46:02.315-04:00 TRACE 15376 --- [backend] [           main] org.hibernate.models.annotations         : Registering AnnotationDescriptor - AnnotationDescriptor(org.hibernate.annotations.AttributeBinderType)
2026-04-30T14:46:02.316-04:00 TRACE 15376 --- [backend] [           main] org.hibernate.models.annotations         : Registering AnnotationDescriptor - AnnotationDescriptor(org.hibernate.annotations.Bag)
2026-04-30T14:46:02.316-04:00 TRACE 15376 --- [backend] [           main] org.hibernate.models.annotations         : Registering AnnotationDescriptor - AnnotationDescriptor(org.hibernate.annotations.BatchSize)
2026-04-30T14:46:02.316-04:00 TRACE 15376 --- [backend] [           main] org.hibernate.models.annotations         : Registering AnnotationDescriptor - AnnotationDescriptor(org.hibernate.annotations.Cache)
2026-04-30T14:46:02.317-04:00 TRACE 15376 --- [backend] [           main] org.hibernate.models.annotations         : Registering AnnotationDescriptor - AnnotationDescriptor(org.hibernate.annotations.Cascade)
2026-04-30T14:46:02.317-04:00 TRACE 15376 --- [backend] [           main] org.hibernate.models.annotations         : Registering AnnotationDescriptor - AnnotationDescriptor(org.hibernate.annotations.Checks)
2026-04-30T14:46:02.317-04:00 TRACE 15376 --- [backend] [           main] org.hibernate.models.annotations         : Registering AnnotationDescriptor - AnnotationDescriptor(org.hibernate.annotations.Check)
2026-04-30T14:46:02.317-04:00 TRACE 15376 --- [backend] [           main] org.hibernate.models.annotations         : Registering repeatable AnnotationDescriptor - AnnotationDescriptor(org.hibernate.annotations.Checks)
2026-04-30T14:46:02.318-04:00 TRACE 15376 --- [backend] [           main] org.hibernate.models.annotations         : Registering AnnotationDescriptor - AnnotationDescriptor(org.hibernate.annotations.Collate)
2026-04-30T14:46:02.319-04:00 TRACE 15376 --- [backend] [           main] org.hibernate.models.annotations         : Registering AnnotationDescriptor - AnnotationDescriptor(org.hibernate.annotations.CollectionId)
2026-04-30T14:46:02.319-04:00 TRACE 15376 --- [backend] [           main] org.hibernate.models.annotations         : Registering AnnotationDescriptor - AnnotationDescriptor(org.hibernate.annotations.CollectionIdJavaClass)
2026-04-30T14:46:02.320-04:00 TRACE 15376 --- [backend] [           main] org.hibernate.models.annotations         : Registering AnnotationDescriptor - AnnotationDescriptor(org.hibernate.annotations.CollectionIdJavaType)
2026-04-30T14:46:02.320-04:00 TRACE 15376 --- [backend] [           main] org.hibernate.models.annotations         : Registering AnnotationDescriptor - AnnotationDescriptor(org.hibernate.annotations.CollectionIdJdbcType)
2026-04-30T14:46:02.321-04:00 TRACE 15376 --- [backend] [           main] org.hibernate.models.annotations         : Registering AnnotationDescriptor - AnnotationDescriptor(org.hibernate.annotations.CollectionIdJdbcTypeCode)
2026-04-30T14:46:02.321-04:00 TRACE 15376 --- [backend] [           main] org.hibernate.models.annotations         : Registering AnnotationDescriptor - AnnotationDescriptor(org.hibernate.annotations.CollectionIdMutability)
2026-04-30T14:46:02.321-04:00 TRACE 15376 --- [backend] [           main] org.hibernate.models.annotations         : Registering AnnotationDescriptor - AnnotationDescriptor(org.hibernate.annotations.CollectionIdType)
2026-04-30T14:46:02.321-04:00 TRACE 15376 --- [backend] [           main] org.hibernate.models.annotations         : Registering AnnotationDescriptor - AnnotationDescriptor(org.hibernate.annotations.CollectionType)
2026-04-30T14:46:02.322-04:00 TRACE 15376 --- [backend] [           main] org.hibernate.models.annotations         : Registering AnnotationDescriptor - AnnotationDescriptor(org.hibernate.boot.internal.CollectionClassification)
2026-04-30T14:46:02.322-04:00 TRACE 15376 --- [backend] [           main] org.hibernate.models.annotations         : Registering AnnotationDescriptor - AnnotationDescriptor(org.hibernate.annotations.CollectionTypeRegistrations)
2026-04-30T14:46:02.322-04:00 TRACE 15376 --- [backend] [           main] org.hibernate.models.annotations         : Registering AnnotationDescriptor - AnnotationDescriptor(org.hibernate.annotations.CollectionTypeRegistration)
2026-04-30T14:46:02.322-04:00 TRACE 15376 --- [backend] [           main] org.hibernate.models.annotations         : Registering repeatable AnnotationDescriptor - AnnotationDescriptor(org.hibernate.annotations.CollectionTypeRegistrations)
2026-04-30T14:46:02.323-04:00 TRACE 15376 --- [backend] [           main] org.hibernate.models.annotations         : Registering AnnotationDescriptor - AnnotationDescriptor(org.hibernate.annotations.ColumnDefault)
2026-04-30T14:46:02.323-04:00 TRACE 15376 --- [backend] [           main] org.hibernate.models.annotations         : Registering AnnotationDescriptor - AnnotationDescriptor(org.hibernate.annotations.Columns)
2026-04-30T14:46:02.324-04:00 TRACE 15376 --- [backend] [           main] org.hibernate.models.annotations         : Registering AnnotationDescriptor - AnnotationDescriptor(org.hibernate.annotations.ColumnTransformers)
2026-04-30T14:46:02.324-04:00 TRACE 15376 --- [backend] [           main] org.hibernate.models.annotations         : Registering AnnotationDescriptor - AnnotationDescriptor(org.hibernate.annotations.ColumnTransformer)
2026-04-30T14:46:02.324-04:00 TRACE 15376 --- [backend] [           main] org.hibernate.models.annotations         : Registering repeatable AnnotationDescriptor - AnnotationDescriptor(org.hibernate.annotations.ColumnTransformers)
2026-04-30T14:46:02.325-04:00 TRACE 15376 --- [backend] [           main] org.hibernate.models.annotations         : Registering AnnotationDescriptor - AnnotationDescriptor(org.hibernate.annotations.Comments)
2026-04-30T14:46:02.325-04:00 TRACE 15376 --- [backend] [           main] org.hibernate.models.annotations         : Registering AnnotationDescriptor - AnnotationDescriptor(org.hibernate.annotations.Comment)
2026-04-30T14:46:02.326-04:00 TRACE 15376 --- [backend] [           main] org.hibernate.models.annotations         : Registering repeatable AnnotationDescriptor - AnnotationDescriptor(org.hibernate.annotations.Comments)
2026-04-30T14:46:02.326-04:00 TRACE 15376 --- [backend] [           main] org.hibernate.models.annotations         : Registering AnnotationDescriptor - AnnotationDescriptor(org.hibernate.annotations.CompositeType)
2026-04-30T14:46:02.327-04:00 TRACE 15376 --- [backend] [           main] org.hibernate.models.annotations         : Registering AnnotationDescriptor - AnnotationDescriptor(org.hibernate.annotations.CompositeTypeRegistrations)
2026-04-30T14:46:02.327-04:00 TRACE 15376 --- [backend] [           main] org.hibernate.models.annotations         : Registering AnnotationDescriptor - AnnotationDescriptor(org.hibernate.annotations.CompositeTypeRegistration)
2026-04-30T14:46:02.327-04:00 TRACE 15376 --- [backend] [           main] org.hibernate.models.annotations         : Registering repeatable AnnotationDescriptor - AnnotationDescriptor(org.hibernate.annotations.CompositeTypeRegistrations)
2026-04-30T14:46:02.328-04:00 TRACE 15376 --- [backend] [           main] org.hibernate.models.annotations         : Registering AnnotationDescriptor - AnnotationDescriptor(org.hibernate.annotations.ConcreteProxy)
2026-04-30T14:46:02.329-04:00 TRACE 15376 --- [backend] [           main] org.hibernate.models.annotations         : Registering AnnotationDescriptor - AnnotationDescriptor(org.hibernate.annotations.ConverterRegistrations)
2026-04-30T14:46:02.329-04:00 TRACE 15376 --- [backend] [           main] org.hibernate.models.annotations         : Registering AnnotationDescriptor - AnnotationDescriptor(org.hibernate.annotations.ConverterRegistration)
2026-04-30T14:46:02.329-04:00 TRACE 15376 --- [backend] [           main] org.hibernate.models.annotations         : Registering repeatable AnnotationDescriptor - AnnotationDescriptor(org.hibernate.annotations.ConverterRegistrations)
2026-04-30T14:46:02.329-04:00 TRACE 15376 --- [backend] [           main] org.hibernate.models.annotations         : Registering AnnotationDescriptor - AnnotationDescriptor(org.hibernate.annotations.CreationTimestamp)
2026-04-30T14:46:02.329-04:00 TRACE 15376 --- [backend] [           main] org.hibernate.models.annotations         : Registering AnnotationDescriptor - AnnotationDescriptor(org.hibernate.annotations.CurrentTimestamp)
2026-04-30T14:46:02.330-04:00 TRACE 15376 --- [backend] [           main] org.hibernate.models.annotations         : Registering AnnotationDescriptor - AnnotationDescriptor(org.hibernate.annotations.DiscriminatorFormula)
2026-04-30T14:46:02.331-04:00 TRACE 15376 --- [backend] [           main] org.hibernate.models.annotations         : Registering AnnotationDescriptor - AnnotationDescriptor(org.hibernate.annotations.DiscriminatorOptions)
2026-04-30T14:46:02.331-04:00 TRACE 15376 --- [backend] [           main] org.hibernate.models.annotations         : Registering AnnotationDescriptor - AnnotationDescriptor(org.hibernate.annotations.DynamicInsert)
2026-04-30T14:46:02.331-04:00 TRACE 15376 --- [backend] [           main] org.hibernate.models.annotations         : Registering AnnotationDescriptor - AnnotationDescriptor(org.hibernate.annotations.DynamicUpdate)
2026-04-30T14:46:02.332-04:00 TRACE 15376 --- [backend] [           main] org.hibernate.models.annotations         : Registering AnnotationDescriptor - AnnotationDescriptor(org.hibernate.annotations.EmbeddableInstantiator)
2026-04-30T14:46:02.332-04:00 TRACE 15376 --- [backend] [           main] org.hibernate.models.annotations         : Registering AnnotationDescriptor - AnnotationDescriptor(org.hibernate.annotations.EmbeddableInstantiatorRegistrations)
2026-04-30T14:46:02.332-04:00 TRACE 15376 --- [backend] [           main] org.hibernate.models.annotations         : Registering AnnotationDescriptor - AnnotationDescriptor(org.hibernate.annotations.EmbeddableInstantiatorRegistration)
2026-04-30T14:46:02.333-04:00 TRACE 15376 --- [backend] [           main] org.hibernate.models.annotations         : Registering repeatable AnnotationDescriptor - AnnotationDescriptor(org.hibernate.annotations.EmbeddableInstantiatorRegistrations)
2026-04-30T14:46:02.333-04:00 TRACE 15376 --- [backend] [           main] org.hibernate.models.annotations         : Registering AnnotationDescriptor - AnnotationDescriptor(org.hibernate.annotations.EmbeddedColumnNaming)
2026-04-30T14:46:02.333-04:00 TRACE 15376 --- [backend] [           main] org.hibernate.models.annotations         : Registering AnnotationDescriptor - AnnotationDescriptor(org.hibernate.annotations.EmbeddedTable)
2026-04-30T14:46:02.334-04:00 TRACE 15376 --- [backend] [           main] org.hibernate.models.annotations         : Registering AnnotationDescriptor - AnnotationDescriptor(org.hibernate.annotations.Fetch)
2026-04-30T14:46:02.334-04:00 TRACE 15376 --- [backend] [           main] org.hibernate.models.annotations         : Registering AnnotationDescriptor - AnnotationDescriptor(org.hibernate.annotations.FetchProfiles)
2026-04-30T14:46:02.334-04:00 TRACE 15376 --- [backend] [           main] org.hibernate.models.annotations         : Registering AnnotationDescriptor - AnnotationDescriptor(org.hibernate.annotations.FetchProfile)
2026-04-30T14:46:02.335-04:00 TRACE 15376 --- [backend] [           main] org.hibernate.models.annotations         : Registering repeatable AnnotationDescriptor - AnnotationDescriptor(org.hibernate.annotations.FetchProfiles)
2026-04-30T14:46:02.335-04:00 TRACE 15376 --- [backend] [           main] org.hibernate.models.annotations         : Registering AnnotationDescriptor - AnnotationDescriptor(org.hibernate.annotations.Filters)
2026-04-30T14:46:02.335-04:00 TRACE 15376 --- [backend] [           main] org.hibernate.models.annotations         : Registering AnnotationDescriptor - AnnotationDescriptor(org.hibernate.annotations.Filter)
2026-04-30T14:46:02.336-04:00 TRACE 15376 --- [backend] [           main] org.hibernate.models.annotations         : Registering repeatable AnnotationDescriptor - AnnotationDescriptor(org.hibernate.annotations.Filters)
2026-04-30T14:46:02.336-04:00 TRACE 15376 --- [backend] [           main] org.hibernate.models.annotations         : Registering AnnotationDescriptor - AnnotationDescriptor(org.hibernate.annotations.FilterDefs)
2026-04-30T14:46:02.336-04:00 TRACE 15376 --- [backend] [           main] org.hibernate.models.annotations         : Registering AnnotationDescriptor - AnnotationDescriptor(org.hibernate.annotations.FilterDef)
2026-04-30T14:46:02.337-04:00 TRACE 15376 --- [backend] [           main] org.hibernate.models.annotations         : Registering repeatable AnnotationDescriptor - AnnotationDescriptor(org.hibernate.annotations.FilterDefs)
2026-04-30T14:46:02.337-04:00 TRACE 15376 --- [backend] [           main] org.hibernate.models.annotations         : Registering AnnotationDescriptor - AnnotationDescriptor(org.hibernate.annotations.FilterJoinTables)
2026-04-30T14:46:02.337-04:00 TRACE 15376 --- [backend] [           main] org.hibernate.models.annotations         : Registering AnnotationDescriptor - AnnotationDescriptor(org.hibernate.annotations.FilterJoinTable)
2026-04-30T14:46:02.337-04:00 TRACE 15376 --- [backend] [           main] org.hibernate.models.annotations         : Registering repeatable AnnotationDescriptor - AnnotationDescriptor(org.hibernate.annotations.FilterJoinTables)
2026-04-30T14:46:02.337-04:00 TRACE 15376 --- [backend] [           main] org.hibernate.models.annotations         : Registering AnnotationDescriptor - AnnotationDescriptor(org.hibernate.annotations.Formula)
2026-04-30T14:46:02.339-04:00 TRACE 15376 --- [backend] [           main] org.hibernate.models.annotations         : Registering AnnotationDescriptor - AnnotationDescriptor(org.hibernate.annotations.FractionalSeconds)
2026-04-30T14:46:02.339-04:00 TRACE 15376 --- [backend] [           main] org.hibernate.models.annotations         : Registering AnnotationDescriptor - AnnotationDescriptor(org.hibernate.annotations.Generated)
2026-04-30T14:46:02.339-04:00 TRACE 15376 --- [backend] [           main] org.hibernate.models.annotations         : Registering AnnotationDescriptor - AnnotationDescriptor(org.hibernate.annotations.GeneratedColumn)
2026-04-30T14:46:02.339-04:00 TRACE 15376 --- [backend] [           main] org.hibernate.models.annotations         : Registering AnnotationDescriptor - AnnotationDescriptor(org.hibernate.annotations.GenericGenerators)
2026-04-30T14:46:02.339-04:00 TRACE 15376 --- [backend] [           main] org.hibernate.models.annotations         : Registering AnnotationDescriptor - AnnotationDescriptor(org.hibernate.annotations.GenericGenerator)
2026-04-30T14:46:02.340-04:00 TRACE 15376 --- [backend] [           main] org.hibernate.models.annotations         : Registering repeatable AnnotationDescriptor - AnnotationDescriptor(org.hibernate.annotations.GenericGenerators)
2026-04-30T14:46:02.340-04:00 TRACE 15376 --- [backend] [           main] org.hibernate.models.annotations         : Registering AnnotationDescriptor - AnnotationDescriptor(org.hibernate.annotations.HQLSelect)
2026-04-30T14:46:02.340-04:00 TRACE 15376 --- [backend] [           main] org.hibernate.models.annotations         : Registering AnnotationDescriptor - AnnotationDescriptor(org.hibernate.annotations.IdGeneratorType)
2026-04-30T14:46:02.341-04:00 TRACE 15376 --- [backend] [           main] org.hibernate.models.annotations         : Registering AnnotationDescriptor - AnnotationDescriptor(org.hibernate.annotations.Immutable)
2026-04-30T14:46:02.342-04:00 TRACE 15376 --- [backend] [           main] org.hibernate.models.annotations         : Registering AnnotationDescriptor - AnnotationDescriptor(org.hibernate.annotations.Imported)
2026-04-30T14:46:02.342-04:00 TRACE 15376 --- [backend] [           main] org.hibernate.models.annotations         : Registering AnnotationDescriptor - AnnotationDescriptor(org.hibernate.annotations.Instantiator)
2026-04-30T14:46:02.343-04:00 TRACE 15376 --- [backend] [           main] org.hibernate.models.annotations         : Registering AnnotationDescriptor - AnnotationDescriptor(org.hibernate.annotations.JavaType)
2026-04-30T14:46:02.344-04:00 TRACE 15376 --- [backend] [           main] org.hibernate.models.annotations         : Registering AnnotationDescriptor - AnnotationDescriptor(org.hibernate.annotations.JavaTypeRegistrations)
2026-04-30T14:46:02.344-04:00 TRACE 15376 --- [backend] [           main] org.hibernate.models.annotations         : Registering AnnotationDescriptor - AnnotationDescriptor(org.hibernate.annotations.JavaTypeRegistration)
2026-04-30T14:46:02.345-04:00 TRACE 15376 --- [backend] [           main] org.hibernate.models.annotations         : Registering repeatable AnnotationDescriptor - AnnotationDescriptor(org.hibernate.annotations.JavaTypeRegistrations)
2026-04-30T14:46:02.345-04:00 TRACE 15376 --- [backend] [           main] org.hibernate.models.annotations         : Registering AnnotationDescriptor - AnnotationDescriptor(org.hibernate.annotations.JdbcType)
2026-04-30T14:46:02.346-04:00 TRACE 15376 --- [backend] [           main] org.hibernate.models.annotations         : Registering AnnotationDescriptor - AnnotationDescriptor(org.hibernate.annotations.JdbcTypeCode)
2026-04-30T14:46:02.346-04:00 TRACE 15376 --- [backend] [           main] org.hibernate.models.annotations         : Registering AnnotationDescriptor - AnnotationDescriptor(org.hibernate.annotations.JdbcTypeRegistrations)
2026-04-30T14:46:02.346-04:00 TRACE 15376 --- [backend] [           main] org.hibernate.models.annotations         : Registering AnnotationDescriptor - AnnotationDescriptor(org.hibernate.annotations.JdbcTypeRegistration)
2026-04-30T14:46:02.347-04:00 TRACE 15376 --- [backend] [           main] org.hibernate.models.annotations         : Registering repeatable AnnotationDescriptor - AnnotationDescriptor(org.hibernate.annotations.JdbcTypeRegistrations)
2026-04-30T14:46:02.347-04:00 TRACE 15376 --- [backend] [           main] org.hibernate.models.annotations         : Registering AnnotationDescriptor - AnnotationDescriptor(org.hibernate.annotations.JoinColumnsOrFormulas)
2026-04-30T14:46:02.347-04:00 TRACE 15376 --- [backend] [           main] org.hibernate.models.annotations         : Registering AnnotationDescriptor - AnnotationDescriptor(org.hibernate.annotations.JoinColumnOrFormula)
2026-04-30T14:46:02.348-04:00 TRACE 15376 --- [backend] [           main] org.hibernate.models.annotations         : Registering repeatable AnnotationDescriptor - AnnotationDescriptor(org.hibernate.annotations.JoinColumnsOrFormulas)
2026-04-30T14:46:02.348-04:00 TRACE 15376 --- [backend] [           main] org.hibernate.models.annotations         : Registering AnnotationDescriptor - AnnotationDescriptor(org.hibernate.annotations.JoinFormula)
2026-04-30T14:46:02.349-04:00 TRACE 15376 --- [backend] [           main] org.hibernate.models.annotations         : Registering AnnotationDescriptor - AnnotationDescriptor(org.hibernate.annotations.LazyGroup)
2026-04-30T14:46:02.350-04:00 TRACE 15376 --- [backend] [           main] org.hibernate.models.annotations         : Registering AnnotationDescriptor - AnnotationDescriptor(org.hibernate.annotations.ListIndexBase)
2026-04-30T14:46:02.350-04:00 TRACE 15376 --- [backend] [           main] org.hibernate.models.annotations         : Registering AnnotationDescriptor - AnnotationDescriptor(org.hibernate.annotations.ListIndexJavaType)
2026-04-30T14:46:02.351-04:00 TRACE 15376 --- [backend] [           main] org.hibernate.models.annotations         : Registering AnnotationDescriptor - AnnotationDescriptor(org.hibernate.annotations.ListIndexJdbcType)
2026-04-30T14:46:02.352-04:00 TRACE 15376 --- [backend] [           main] org.hibernate.models.annotations         : Registering AnnotationDescriptor - AnnotationDescriptor(org.hibernate.annotations.ListIndexJdbcTypeCode)
2026-04-30T14:46:02.353-04:00 TRACE 15376 --- [backend] [           main] org.hibernate.models.annotations         : Registering AnnotationDescriptor - AnnotationDescriptor(org.hibernate.annotations.ManyToAny)
2026-04-30T14:46:02.353-04:00 TRACE 15376 --- [backend] [           main] org.hibernate.models.annotations         : Registering AnnotationDescriptor - AnnotationDescriptor(org.hibernate.annotations.MapKeyCompositeType)
2026-04-30T14:46:02.354-04:00 TRACE 15376 --- [backend] [           main] org.hibernate.models.annotations         : Registering AnnotationDescriptor - AnnotationDescriptor(org.hibernate.annotations.MapKeyJavaType)
2026-04-30T14:46:02.354-04:00 TRACE 15376 --- [backend] [           main] org.hibernate.models.annotations         : Registering AnnotationDescriptor - AnnotationDescriptor(org.hibernate.annotations.MapKeyJdbcType)
2026-04-30T14:46:02.355-04:00 TRACE 15376 --- [backend] [           main] org.hibernate.models.annotations         : Registering AnnotationDescriptor - AnnotationDescriptor(org.hibernate.annotations.MapKeyJdbcTypeCode)
2026-04-30T14:46:02.355-04:00 TRACE 15376 --- [backend] [           main] org.hibernate.models.annotations         : Registering AnnotationDescriptor - AnnotationDescriptor(org.hibernate.annotations.MapKeyMutability)
2026-04-30T14:46:02.356-04:00 TRACE 15376 --- [backend] [           main] org.hibernate.models.annotations         : Registering AnnotationDescriptor - AnnotationDescriptor(org.hibernate.annotations.MapKeyType)
2026-04-30T14:46:02.356-04:00 TRACE 15376 --- [backend] [           main] org.hibernate.models.annotations         : Registering AnnotationDescriptor - AnnotationDescriptor(org.hibernate.annotations.Mutability)
2026-04-30T14:46:02.357-04:00 TRACE 15376 --- [backend] [           main] org.hibernate.models.annotations         : Registering AnnotationDescriptor - AnnotationDescriptor(org.hibernate.annotations.NamedEntityGraphs)
2026-04-30T14:46:02.358-04:00 TRACE 15376 --- [backend] [           main] org.hibernate.models.annotations         : Registering AnnotationDescriptor - AnnotationDescriptor(org.hibernate.annotations.NamedEntityGraph)
2026-04-30T14:46:02.358-04:00 TRACE 15376 --- [backend] [           main] org.hibernate.models.annotations         : Registering repeatable AnnotationDescriptor - AnnotationDescriptor(org.hibernate.annotations.NamedEntityGraphs)
2026-04-30T14:46:02.358-04:00 TRACE 15376 --- [backend] [           main] org.hibernate.models.annotations         : Registering AnnotationDescriptor - AnnotationDescriptor(org.hibernate.annotations.NamedNativeQueries)
2026-04-30T14:46:02.359-04:00 TRACE 15376 --- [backend] [           main] org.hibernate.models.annotations         : Registering AnnotationDescriptor - AnnotationDescriptor(org.hibernate.annotations.NamedNativeQuery)
2026-04-30T14:46:02.360-04:00 TRACE 15376 --- [backend] [           main] org.hibernate.models.annotations         : Registering repeatable AnnotationDescriptor - AnnotationDescriptor(org.hibernate.annotations.NamedNativeQueries)
2026-04-30T14:46:02.360-04:00 TRACE 15376 --- [backend] [           main] org.hibernate.models.annotations         : Registering AnnotationDescriptor - AnnotationDescriptor(org.hibernate.annotations.NamedQueries)
2026-04-30T14:46:02.360-04:00 TRACE 15376 --- [backend] [           main] org.hibernate.models.annotations         : Registering AnnotationDescriptor - AnnotationDescriptor(org.hibernate.annotations.NamedQuery)
2026-04-30T14:46:02.361-04:00 TRACE 15376 --- [backend] [           main] org.hibernate.models.annotations         : Registering repeatable AnnotationDescriptor - AnnotationDescriptor(org.hibernate.annotations.NamedQueries)
2026-04-30T14:46:02.361-04:00 TRACE 15376 --- [backend] [           main] org.hibernate.models.annotations         : Registering AnnotationDescriptor - AnnotationDescriptor(org.hibernate.annotations.Nationalized)
2026-04-30T14:46:02.362-04:00 TRACE 15376 --- [backend] [           main] org.hibernate.models.annotations         : Registering AnnotationDescriptor - AnnotationDescriptor(org.hibernate.annotations.NativeGenerator)
2026-04-30T14:46:02.362-04:00 TRACE 15376 --- [backend] [           main] org.hibernate.models.annotations         : Registering AnnotationDescriptor - AnnotationDescriptor(org.hibernate.annotations.NaturalId)
2026-04-30T14:46:02.363-04:00 TRACE 15376 --- [backend] [           main] org.hibernate.models.annotations         : Registering AnnotationDescriptor - AnnotationDescriptor(org.hibernate.annotations.NaturalIdCache)
2026-04-30T14:46:02.363-04:00 TRACE 15376 --- [backend] [           main] org.hibernate.models.annotations         : Registering AnnotationDescriptor - AnnotationDescriptor(org.hibernate.annotations.NotFound)
2026-04-30T14:46:02.364-04:00 TRACE 15376 --- [backend] [           main] org.hibernate.models.annotations         : Registering AnnotationDescriptor - AnnotationDescriptor(org.hibernate.annotations.OnDelete)
2026-04-30T14:46:02.364-04:00 TRACE 15376 --- [backend] [           main] org.hibernate.models.annotations         : Registering AnnotationDescriptor - AnnotationDescriptor(org.hibernate.annotations.OptimisticLock)
2026-04-30T14:46:02.364-04:00 TRACE 15376 --- [backend] [           main] org.hibernate.models.annotations         : Registering AnnotationDescriptor - AnnotationDescriptor(org.hibernate.annotations.OptimisticLocking)
2026-04-30T14:46:02.364-04:00 TRACE 15376 --- [backend] [           main] org.hibernate.models.annotations         : Registering AnnotationDescriptor - AnnotationDescriptor(org.hibernate.annotations.ParamDef)
[...]
      Matched:
         - @ConditionalOnClass found required class 'org.springframework.security.authentication.ReactiveAuthenticationManager' (OnClassCondition)
         - AnyNestedCondition 1 matched 2 did not; NestedCondition on MissingAlternativeUserDetailsManagerOrUserPropertiesConfigured.PasswordConfigured @ConditionalOnProperty (spring.security.user.password) did not find property 'spring.security.user.password'; NestedCondition on MissingAlternativeUserDetailsManagerOrUserPropertiesConfigured.NameConfigured @ConditionalOnProperty (spring.security.user.name) did not find property 'spring.security.user.name'; NestedCondition on MissingAlternativeUserDetailsManagerOrUserPropertiesConfigured.MissingAlternative @ConditionalOnMissingClass did not find unwanted classes 'org.springframework.security.oauth2.client.registration.ClientRegistrationRepository', 'org.springframework.security.oauth2.server.resource.introspection.OpaqueTokenIntrospector', 'org.springframework.security.saml2.provider.service.registration.RelyingPartyRegistrationRepository' (MissingAlternativeUserDetailsManagerOrUserPropertiesConfigured)

   ReactiveWebSecurityAutoConfiguration:
      Did not match:
         - @ConditionalOnClass did not find required class 'reactor.core.publisher.Flux' (OnClassCondition)

   SecurityAutoConfiguration.SecurityDataConfiguration:
      Did not match:
         - @ConditionalOnClass did not find required class 'org.springframework.security.data.repository.query.SecurityEvaluationContextExtension' (OnClassCondition)

   ServletHttpExchangesAutoConfiguration:
      Did not match:
         - @ConditionalOnBean did not find required type 'org.springframework.boot.actuate.web.exchanges.HttpExchangeRepository' (OnBeanCondition)

   ServletManagementContextAutoConfiguration:
      Did not match:
         - @ConditionalOnClass did not find required class 'org.springframework.boot.actuate.autoconfigure.endpoint.web.WebEndpointProperties' (OnClassCondition)

   ServletMappingsAutoConfiguration:
      Did not match:
         - @ConditionalOnClass did not find required class 'org.springframework.boot.actuate.autoconfigure.endpoint.condition.ConditionalOnAvailableEndpoint' (OnClassCondition)

   ServletWebSecurityAutoConfiguration.EnableWebSecurityConfiguration:
      Did not match:
         - @ConditionalOnMissingBean (names: springSecurityFilterChain; SearchStrategy: all) found beans named springSecurityFilterChain (OnBeanCondition)
      Matched:
         - @ConditionalOnClass found required class 'org.springframework.security.config.annotation.web.configuration.EnableWebSecurity' (OnClassCondition)

   ServletWebSecurityAutoConfiguration.SecurityFilterChainConfiguration:
      Did not match:
         - AllNestedConditions 1 matched 1 did not; NestedCondition on DefaultWebSecurityCondition.Beans @ConditionalOnMissingBean (types: org.springframework.security.web.SecurityFilterChain; SearchStrategy: all) found beans of type 'org.springframework.security.web.SecurityFilterChain' configure; NestedCondition on DefaultWebSecurityCondition.Classes @ConditionalOnClass found required classes 'org.springframework.security.web.SecurityFilterChain', 'org.springframework.security.config.annotation.web.builders.HttpSecurity' (DefaultWebSecurityCondition)

   ServletWebServerConfiguration#forwardedHeaderFilter:
      Did not match:
         - @ConditionalOnProperty (server.forward-headers-strategy=framework) did not find property 'server.forward-headers-strategy' (OnPropertyCondition)

   SpringApplicationAdminJmxAutoConfiguration:
      Did not match:
         - @ConditionalOnBooleanProperty (spring.application.admin.enabled=true) did not find property 'spring.application.admin.enabled' (OnPropertyCondition)

   SpringDocConfiguration#propertiesResolverForSchema:
      Did not match:
         - @ConditionalOnProperty (springdoc.api-docs.resolve-schema-properties) did not find property 'springdoc.api-docs.resolve-schema-properties' (OnPropertyCondition)

   SpringDocConfiguration#propertyCustomizingConverter:
      Did not match:
         - @ConditionalOnBean (types: org.springdoc.core.customizers.PropertyCustomizer; SearchStrategy: all) did not find any beans of type org.springdoc.core.customizers.PropertyCustomizer (OnBeanCondition)

   SpringDocConfiguration#springdocBeanFactoryPostProcessor:
      Did not match:
         - AnyNestedCondition 0 matched 2 did not; NestedCondition on CacheOrGroupedOpenApiCondition.OnCacheDisabled found non-matching nested conditions @ConditionalOnProperty (springdoc.cache.disabled) did not find property 'springdoc.cache.disabled'; NestedCondition on CacheOrGroupedOpenApiCondition.OnMultipleOpenApiSupportCondition AnyNestedCondition 0 matched 2 did not; NestedCondition on MultipleOpenApiSupportCondition.OnActuatorDifferentPort @ConditionalOnProperty (springdoc.show-actuator) did not find property 'springdoc.show-actuator'; NestedCondition on MultipleOpenApiSupportCondition.OnMultipleOpenApiSupportCondition AnyNestedCondition 0 matched 2 did not; NestedCondition on MultipleOpenApiGroupsCondition.OnGroupConfigProperty @ConditionalOnProperty (springdoc.group-configs[0].group) did not find property 'springdoc.group-configs[0].group'; NestedCondition on MultipleOpenApiGroupsCondition.OnGroupedOpenApiBean @ConditionalOnBean (types: org.springdoc.core.models.GroupedOpenApi; SearchStrategy: all) did not find any beans of type org.springdoc.core.models.GroupedOpenApi (CacheOrGroupedOpenApiCondition)
      Matched:
         - @ConditionalOnClass found required class 'org.springframework.boot.context.properties.bind.BindResult' (OnClassCondition)

   SpringDocConfiguration#springdocBeanFactoryPostProcessor2:
      Did not match:
         - @ConditionalOnMissingClass found unwanted class 'org.springframework.boot.context.properties.bind.BindResult' (OnClassCondition)

   SpringDocConfiguration.SpringDocActuatorConfiguration:
      Did not match:
         - @ConditionalOnClass did not find required class 'org.springframework.boot.actuate.autoconfigure.endpoint.web.WebEndpointProperties' (OnClassCondition)

   SpringDocConfiguration.SpringDocRepositoryRestConfiguration:
      Did not match:
         - @ConditionalOnClass did not find required class 'org.springframework.data.rest.core.config.RepositoryRestConfiguration' (OnClassCondition)

   SpringDocConfiguration.SpringDocSpringDataWebPropertiesProvider:
      Did not match:
         - @ConditionalOnClass did not find required class 'org.springframework.boot.autoconfigure.data.web.SpringDataWebProperties' (OnClassCondition)

   SpringDocConfiguration.SpringDocWebFluxSupportConfiguration:
      Did not match:
         - @ConditionalOnClass did not find required class 'reactor.core.publisher.Flux' (OnClassCondition)

   SpringDocDataRestConfiguration:
      Did not match:
         - @ConditionalOnClass did not find required class 'org.springframework.data.rest.core.config.RepositoryRestConfiguration' (OnClassCondition)

   SpringDocFunctionCatalogConfiguration:
      Did not match:
         - @ConditionalOnClass did not find required class 'org.springframework.cloud.function.web.function.FunctionEndpointInitializer' (OnClassCondition)

   SpringDocGroovyConfiguration:
      Did not match:
         - @ConditionalOnClass did not find required class 'groovy.lang.MetaClass' (OnClassCondition)

   SpringDocHateoasConfiguration:
      Did not match:
         - @ConditionalOnClass did not find required class 'org.springframework.hateoas.server.LinkRelationProvider' (OnClassCondition)

   SpringDocJacksonKotlinModuleConfiguration:
      Did not match:
         - @ConditionalOnClass did not find required class 'com.fasterxml.jackson.module.kotlin.KotlinModule' (OnClassCondition)

   SpringDocJavadocConfiguration:
      Did not match:
         - @ConditionalOnClass did not find required class 'com.github.therapi.runtimejavadoc.CommentFormatter' (OnClassCondition)

   SpringDocKotlinConfiguration:
      Did not match:
         - @ConditionalOnClass did not find required class 'kotlin.coroutines.Continuation' (OnClassCondition)

   SpringDocKotlinxConfiguration:
      Did not match:
         - @ConditionalOnClass did not find required class 'kotlinx.coroutines.flow.Flow' (OnClassCondition)

   SpringDocSecurityConfiguration.SpringDocSecurityOAuth2Configuration:
      Did not match:
         - @ConditionalOnClass did not find required class 'org.springframework.security.oauth2.server.authorization.OAuth2AuthorizationService' (OnClassCondition)

   SpringDocSecurityConfiguration.SpringSecurityLoginEndpointConfiguration#springSecurityLoginEndpointCustomiser:
      Did not match:
         - @ConditionalOnProperty (springdoc.show-login-endpoint) did not find property 'springdoc.show-login-endpoint' (OnPropertyCondition)

   SpringDocSortConfiguration#delegatingMethodParameterCustomizer:
      Did not match:
         - @ConditionalOnMissingBean (types: org.springdoc.core.customizers.DelegatingMethodParameterCustomizer; SearchStrategy: all) found beans of type 'org.springdoc.core.customizers.DelegatingMethodParameterCustomizer' delegatingMethodParameterCustomizer (OnBeanCondition)

   SpringDocWebMvcConfiguration.SpringDocWebMvcActuatorConfiguration:
      Did not match:
         - @ConditionalOnClass did not find required class 'org.springframework.boot.actuate.endpoint.web.servlet.WebMvcEndpointHandlerMapping' (OnClassCondition)

   SwaggerConfig#springWebProvider:
      Did not match:
         - @ConditionalOnMissingBean (types: org.springdoc.core.providers.SpringWebProvider; SearchStrategy: all) found beans of type 'org.springdoc.core.providers.SpringWebProvider' springWebProvider (OnBeanCondition)

   SwaggerConfig#swaggerUiConfigParameters:
      Did not match:
         - @ConditionalOnMissingBean (types: org.springdoc.core.properties.SwaggerUiConfigParameters; SearchStrategy: all) found beans of type 'org.springdoc.core.properties.SwaggerUiConfigParameters' org.springdoc.core.properties.SwaggerUiConfigParameters (OnBeanCondition)

   SwaggerConfig#swaggerUiHome:
      Did not match:
         - @ConditionalOnProperty (springdoc.swagger-ui.use-root-path=true) did not find property 'springdoc.swagger-ui.use-root-path' (OnPropertyCondition)

   SwaggerConfig.SwaggerActuatorWelcomeConfiguration:
      Did not match:
         - @ConditionalOnClass did not find required class 'org.springframework.boot.actuate.endpoint.web.servlet.WebMvcEndpointHandlerMapping' (OnClassCondition)

   TaskExecutorConfigurations.AsyncConfigurerWrapperConfiguration:
      Did not match:
         - @ConditionalOnBean (types: org.springframework.scheduling.annotation.AsyncConfigurer; SearchStrategy: all) did not find any beans of type org.springframework.scheduling.annotation.AsyncConfigurer (OnBeanCondition)

   TaskExecutorConfigurations.SimpleAsyncTaskExecutorBuilderConfiguration#simpleAsyncTaskExecutorBuilderVirtualThreads:
      Did not match:
         - @ConditionalOnMissingBean (types: org.springframework.boot.task.SimpleAsyncTaskExecutorBuilder; SearchStrategy: all) found beans of type 'org.springframework.boot.task.SimpleAsyncTaskExecutorBuilder' simpleAsyncTaskExecutorBuilder (OnBeanCondition)

   TaskExecutorConfigurations.TaskExecutorConfiguration#applicationTaskExecutorVirtualThreads:
      Did not match:
         - @ConditionalOnThreading did not find VIRTUAL (OnThreadingCondition)

   TaskSchedulingAutoConfiguration#scheduledBeanLazyInitializationExcludeFilter:
      Did not match:
         - @ConditionalOnBean (names: org.springframework.scheduling.config.internalScheduledAnnotationProcessor; SearchStrategy: all) did not find any beans named org.springframework.scheduling.config.internalScheduledAnnotationProcessor (OnBeanCondition)

   TaskSchedulingConfigurations.SimpleAsyncTaskSchedulerBuilderConfiguration#simpleAsyncTaskSchedulerBuilderVirtualThreads:
      Did not match:
         - @ConditionalOnMissingBean (types: org.springframework.boot.task.SimpleAsyncTaskSchedulerBuilder; SearchStrategy: all) found beans of type 'org.springframework.boot.task.SimpleAsyncTaskSchedulerBuilder' simpleAsyncTaskSchedulerBuilder (OnBeanCondition)

   TaskSchedulingConfigurations.TaskSchedulerConfiguration:
      Did not match:
         - @ConditionalOnBean (names: org.springframework.scheduling.config.internalScheduledAnnotationProcessor; SearchStrategy: all) did not find any beans named org.springframework.scheduling.config.internalScheduledAnnotationProcessor (OnBeanCondition)

   TomcatMetricsAutoConfiguration:
      Did not match:
         - @ConditionalOnClass did not find required class 'io.micrometer.core.instrument.binder.tomcat.TomcatMetrics' (OnClassCondition)

   TomcatReactiveManagementContextAutoConfiguration:
      Did not match:
         - @ConditionalOnClass did not find required class 'org.springframework.boot.actuate.autoconfigure.web.server.ManagementContextFactory' (OnClassCondition)

   TomcatReactiveWebServerAutoConfiguration:
      Did not match:
         - @ConditionalOnWebApplication did not find reactive web application classes (OnWebApplicationCondition)

   TomcatServletManagementContextAutoConfiguration:
      Did not match:
         - @ConditionalOnClass did not find required class 'org.springframework.boot.actuate.autoconfigure.web.server.ManagementContextFactory' (OnClassCondition)

   TomcatServletWebServerAutoConfiguration#tomcatForwardedHeaderFilterCustomizer:
      Did not match:
         - @ConditionalOnProperty (server.forward-headers-strategy=framework) did not find property 'server.forward-headers-strategy' (OnPropertyCondition)

   TomcatWebServerConfiguration:
      Did not match:
         - Application is deployed as a WAR file. (OnWarDeploymentCondition)

   TransactionAutoConfiguration#transactionalOperator:
      Did not match:
         - @ConditionalOnSingleCandidate (types: org.springframework.transaction.ReactiveTransactionManager; SearchStrategy: all) did not find any beans (OnBeanCondition)

   TransactionAutoConfiguration.AspectJTransactionManagementConfiguration:
      Did not match:
         - @ConditionalOnBean (types: org.springframework.transaction.aspectj.AbstractTransactionAspect; SearchStrategy: all) did not find any beans of type org.springframework.transaction.aspectj.AbstractTransactionAspect (OnBeanCondition)

   TransactionAutoConfiguration.EnableTransactionManagementConfiguration.JdkDynamicAutoProxyConfiguration:
      Did not match:
         - @ConditionalOnBooleanProperty (spring.aop.proxy-target-class=false) did not find property 'spring.aop.proxy-target-class' (OnPropertyCondition)

   UserDetailsServiceAutoConfiguration:
      Did not match:
         - @ConditionalOnMissingBean (types: org.springframework.security.authentication.AuthenticationManager,org.springframework.security.authentication.AuthenticationProvider,org.springframework.security.core.userdetails.UserDetailsService,org.springframework.security.authentication.AuthenticationManagerResolver,org.springframework.security.oauth2.jwt.JwtDecoder; SearchStrategy: all) found beans of type 'org.springframework.security.core.userdetails.UserDetailsService' myUserDetailsService (OnBeanCondition)
      Matched:
         - @ConditionalOnClass found required class 'org.springframework.security.authentication.AuthenticationManager' (OnClassCondition)
         - found 'session' scope (OnWebApplicationCondition)
         - AnyNestedCondition 1 matched 2 did not; NestedCondition on MissingAlternativeUserDetailsManagerOrUserPropertiesConfigured.PasswordConfigured @ConditionalOnProperty (spring.security.user.password) did not find property 'spring.security.user.password'; NestedCondition on MissingAlternativeUserDetailsManagerOrUserPropertiesConfigured.NameConfigured @ConditionalOnProperty (spring.security.user.name) did not find property 'spring.security.user.name'; NestedCondition on MissingAlternativeUserDetailsManagerOrUserPropertiesConfigured.MissingAlternative @ConditionalOnMissingClass did not find unwanted classes 'org.springframework.security.oauth2.client.registration.ClientRegistrationRepository', 'org.springframework.security.oauth2.server.resource.introspection.OpaqueTokenIntrospector', 'org.springframework.security.saml2.provider.service.registration.RelyingPartyRegistrationRepository' (MissingAlternativeUserDetailsManagerOrUserPropertiesConfigured)

   WebMvcAutoConfiguration#hiddenHttpMethodFilter:
      Did not match:
         - @ConditionalOnBooleanProperty (spring.mvc.hiddenmethod.filter.enabled=true) did not find property 'spring.mvc.hiddenmethod.filter.enabled' (OnPropertyCondition)

   WebMvcAutoConfiguration.ProblemDetailsErrorHandlingConfiguration:
      Did not match:
         - @ConditionalOnBooleanProperty (spring.mvc.problemdetails.enabled=true) did not find property 'spring.mvc.problemdetails.enabled' (OnPropertyCondition)

   WebMvcAutoConfiguration.ResourceChainCustomizerConfiguration:
      Did not match:
         - @ConditionalOnEnabledResourceChain did not find class org.webjars.WebJarVersionLocator (OnEnabledResourceChainCondition)

   WebMvcAutoConfiguration.WebMvcAutoConfigurationAdapter#beanNameViewResolver:
      Did not match:
         - @ConditionalOnMissingBean (types: org.springframework.web.servlet.view.BeanNameViewResolver; SearchStrategy: all) found beans of type 'org.springframework.web.servlet.view.BeanNameViewResolver' beanNameViewResolver (OnBeanCondition)

   WebMvcHealthEndpointExtensionAutoConfiguration:
      Did not match:
         - @ConditionalOnClass did not find required class 'org.springframework.boot.health.actuate.endpoint.HealthEndpoint' (OnClassCondition)

   WebMvcMappingsAutoConfiguration:
      Did not match:
         - @ConditionalOnClass did not find required class 'org.springframework.boot.actuate.autoconfigure.endpoint.condition.ConditionalOnAvailableEndpoint' (OnClassCondition)

   WebMvcObservationAutoConfiguration:
      Did not match:
         - @ConditionalOnClass did not find required class 'org.springframework.boot.micrometer.observation.autoconfigure.ObservationProperties' (OnClassCondition)

   XADataSourceAutoConfiguration:
      Did not match:
         - @ConditionalOnBean (types: org.springframework.boot.jdbc.XADataSourceWrapper; SearchStrategy: all) did not find any beans of type org.springframework.boot.jdbc.XADataSourceWrapper (OnBeanCondition)
      Matched:
         - @ConditionalOnClass found required classes 'javax.sql.DataSource', 'jakarta.transaction.TransactionManager', 'org.springframework.jdbc.datasource.embedded.EmbeddedDatabaseType' (OnClassCondition)


Exclusions:
-----------

    None


Unconditional classes:
----------------------

    org.springframework.boot.autoconfigure.context.ConfigurationPropertiesAutoConfiguration

    org.springframework.boot.autoconfigure.ssl.SslAutoConfiguration

    org.springframework.boot.autoconfigure.context.PropertyPlaceholderAutoConfiguration

    org.springframework.boot.autoconfigure.context.LifecycleAutoConfiguration

    org.springdoc.core.configuration.SpringDocSpecPropertiesConfiguration

    org.springframework.boot.autoconfigure.availability.ApplicationAvailabilityAutoConfiguration

    org.springframework.boot.autoconfigure.info.ProjectInfoAutoConfiguration



]]></system-err>
  </testcase>
</testsuite>