<?xml version="1.0" encoding="UTF-8"?>
<testsuite xmlns:xsi="http://www.w3.org/2001/XMLSchema-instance" xsi:noNamespaceSchemaLocation="https://maven.apache.org/surefire/maven-surefire-plugin/xsd/surefire-test-report.xsd" version="3.0.2" name="com.duoc.seguridadcalidad.SeguridadcalidadApplicationTests" time="1.589" tests="1" errors="0" skipped="0" failures="0">
  <properties>
[...]
</properties>
  <testcase name="contextLoads" classname="com.duoc.seguridadcalidad.SeguridadcalidadApplicationTests" time="0.008">
    <system-out><![CDATA[
  .   ____          _            __ _ _
 /\\ / ___'_ __ _ _(_)_ __  __ _ \ \ \ \
( ( )\___ | '_ | '_| | '_ \/ _` | \ \ \ \
 \\/  ___)| |_)| | | | | || (_| |  ) ) ) )
  '  |____| .__|_| |_|_| |_\__, | / / / /
 =========|_|==============|___/=/_/_/_/

 :: Spring Boot ::                (v4.0.3)

2026-05-04T15:43:40.690-04:00  INFO 13104 --- [seguridadcalidad] [           main] c.d.s.SeguridadcalidadApplicationTests   : Starting SeguridadcalidadApplicationTests using Java 21.0.10 with PID 13104 (started by ariel in C:\Users\nikoc\OneDrive\Documentos\DuocUC\Semestre6\Seg y Cal de Desarrollo\Proyectos\Semana8\frontend)
2026-05-04T15:43:40.691-04:00  INFO 13104 --- [seguridadcalidad] [           main] c.d.s.SeguridadcalidadApplicationTests   : No active profile set, falling back to 1 default profile: "default"
2026-05-04T15:43:41.711-04:00  INFO 13104 --- [seguridadcalidad] [           main] r$InitializeUserDetailsManagerConfigurer : Global AuthenticationManager configured with UserDetailsService bean with name users
2026-05-04T15:43:42.025-04:00  INFO 13104 --- [seguridadcalidad] [           main] c.d.s.SeguridadcalidadApplicationTests   : Started SeguridadcalidadApplicationTests in 1.539 seconds (process running for 34.529)
]]></system-out>
  </testcase>
</testsuite>